{"/Users/lanza/Desktop/ISDI/Trabajo Final/frontend/src/components/app.routes/app.routes.tsx": {"path":"/Users/lanza/Desktop/ISDI/Trabajo Final/frontend/src/components/app.routes/app.routes.tsx","statementMap":{"0":{"start":{"line":1,"column":0},"end":{"line":1,"column":39}},"1":{"start":{"line":2,"column":0},"end":{"line":2,"column":49}},"2":{"start":{"line":3,"column":0},"end":{"line":3,"column":45}},"3":{"start":{"line":4,"column":0},"end":{"line":4,"column":53}},"4":{"start":{"line":5,"column":0},"end":{"line":5,"column":49}},"5":{"start":{"line":7,"column":13},"end":{"line":7,"column":47}},"6":{"start":{"line":7,"column":23},"end":{"line":7,"column":46}},"7":{"start":{"line":8,"column":14},"end":{"line":8,"column":50}},"8":{"start":{"line":8,"column":24},"end":{"line":8,"column":49}},"9":{"start":{"line":9,"column":17},"end":{"line":9,"column":59}},"10":{"start":{"line":9,"column":27},"end":{"line":9,"column":58}},"11":{"start":{"line":10,"column":18},"end":{"line":10,"column":62}},"12":{"start":{"line":10,"column":28},"end":{"line":10,"column":61}},"13":{"start":{"line":11,"column":15},"end":{"line":11,"column":53}},"14":{"start":{"line":11,"column":25},"end":{"line":11,"column":52}},"15":{"start":{"line":13,"column":2},"end":{"line":32,"column":4}},"16":{"start":{"line":12,"column":0},"end":{"line":12,"column":16}}},"fnMap":{"0":{"name":"(anonymous_7)","decl":{"start":{"line":7,"column":18},"end":{"line":7,"column":21}},"loc":{"start":{"line":7,"column":23},"end":{"line":7,"column":46}}},"1":{"name":"(anonymous_8)","decl":{"start":{"line":7,"column":23},"end":{"line":7,"column":31}},"loc":{"start":{"line":7,"column":23},"end":{"line":7,"column":46}}},"2":{"name":"(anonymous_9)","decl":{"start":{"line":8,"column":19},"end":{"line":8,"column":22}},"loc":{"start":{"line":8,"column":24},"end":{"line":8,"column":49}}},"3":{"name":"(anonymous_10)","decl":{"start":{"line":8,"column":24},"end":{"line":8,"column":32}},"loc":{"start":{"line":8,"column":24},"end":{"line":8,"column":49}}},"4":{"name":"(anonymous_11)","decl":{"start":{"line":9,"column":22},"end":{"line":9,"column":25}},"loc":{"start":{"line":9,"column":27},"end":{"line":9,"column":58}}},"5":{"name":"(anonymous_12)","decl":{"start":{"line":9,"column":27},"end":{"line":9,"column":35}},"loc":{"start":{"line":9,"column":27},"end":{"line":9,"column":58}}},"6":{"name":"(anonymous_13)","decl":{"start":{"line":10,"column":23},"end":{"line":10,"column":26}},"loc":{"start":{"line":10,"column":28},"end":{"line":10,"column":61}}},"7":{"name":"(anonymous_14)","decl":{"start":{"line":10,"column":28},"end":{"line":10,"column":36}},"loc":{"start":{"line":10,"column":28},"end":{"line":10,"column":61}}},"8":{"name":"(anonymous_15)","decl":{"start":{"line":11,"column":20},"end":{"line":11,"column":23}},"loc":{"start":{"line":11,"column":25},"end":{"line":11,"column":52}}},"9":{"name":"(anonymous_16)","decl":{"start":{"line":11,"column":25},"end":{"line":11,"column":33}},"loc":{"start":{"line":11,"column":25},"end":{"line":11,"column":52}}},"10":{"name":"AppRoutes","decl":{"start":{"line":12,"column":16},"end":{"line":12,"column":25}},"loc":{"start":{"line":12,"column":25},"end":{"line":33,"column":1}}}},"branchMap":{},"s":{"0":1,"1":1,"2":1,"3":1,"4":1,"5":1,"6":0,"7":1,"8":2,"9":1,"10":2,"11":1,"12":2,"13":1,"14":2,"15":4,"16":1},"f":{"0":0,"1":0,"2":1,"3":1,"4":1,"5":1,"6":1,"7":1,"8":1,"9":1,"10":4},"b":{}}
,"/Users/lanza/Desktop/ISDI/Trabajo Final/frontend/src/components/card/card.tsx": {"path":"/Users/lanza/Desktop/ISDI/Trabajo Final/frontend/src/components/card/card.tsx","statementMap":{"0":{"start":{"line":1,"column":0},"end":{"line":1,"column":47}},"1":{"start":{"line":8,"column":19},"end":{"line":8,"column":32}},"2":{"start":{"line":10,"column":22},"end":{"line":12,"column":3}},"3":{"start":{"line":11,"column":4},"end":{"line":11,"column":40}},"4":{"start":{"line":13,"column":2},"end":{"line":31,"column":4}},"5":{"start":{"line":7,"column":0},"end":{"line":7,"column":16}}},"fnMap":{"0":{"name":"Card","decl":{"start":{"line":7,"column":16},"end":{"line":7,"column":20}},"loc":{"start":{"line":7,"column":40},"end":{"line":32,"column":1}}},"1":{"name":"(anonymous_1)","decl":{"start":{"line":10,"column":22},"end":{"line":10,"column":25}},"loc":{"start":{"line":10,"column":27},"end":{"line":12,"column":3}}}},"branchMap":{},"s":{"0":2,"1":1,"2":1,"3":0,"4":1,"5":2},"f":{"0":1,"1":0},"b":{}}
,"/Users/lanza/Desktop/ISDI/Trabajo Final/frontend/src/components/carform/carform.tsx": {"path":"/Users/lanza/Desktop/ISDI/Trabajo Final/frontend/src/components/carform/carform.tsx","statementMap":{"0":{"start":{"line":2,"column":0},"end":{"line":2,"column":24}},"1":{"start":{"line":3,"column":0},"end":{"line":3,"column":47}},"2":{"start":{"line":6,"column":27},"end":{"line":6,"column":36}},"3":{"start":{"line":8,"column":23},"end":{"line":17,"column":3}},"4":{"start":{"line":10,"column":6},"end":{"line":10,"column":37}},"5":{"start":{"line":12,"column":4},"end":{"line":12,"column":27}},"6":{"start":{"line":14,"column":17},"end":{"line":14,"column":50}},"7":{"start":{"line":15,"column":4},"end":{"line":15,"column":29}},"8":{"start":{"line":16,"column":4},"end":{"line":16,"column":29}},"9":{"start":{"line":19,"column":2},"end":{"line":45,"column":4}},"10":{"start":{"line":5,"column":0},"end":{"line":5,"column":24}}},"fnMap":{"0":{"name":"CarForm","decl":{"start":{"line":5,"column":24},"end":{"line":5,"column":31}},"loc":{"start":{"line":5,"column":31},"end":{"line":46,"column":1}}},"1":{"name":"(anonymous_1)","decl":{"start":{"line":8,"column":23},"end":{"line":8,"column":28}},"loc":{"start":{"line":8,"column":55},"end":{"line":17,"column":3}}}},"branchMap":{},"s":{"0":1,"1":1,"2":1,"3":1,"4":1,"5":1,"6":1,"7":1,"8":1,"9":1,"10":1},"f":{"0":1,"1":1},"b":{}}
,"/Users/lanza/Desktop/ISDI/Trabajo Final/frontend/src/components/carlist/carlist.tsx": {"path":"/Users/lanza/Desktop/ISDI/Trabajo Final/frontend/src/components/carlist/carlist.tsx","statementMap":{"0":{"start":{"line":1,"column":0},"end":{"line":1,"column":42}},"1":{"start":{"line":4,"column":0},"end":{"line":4,"column":57}},"2":{"start":{"line":6,"column":0},"end":{"line":6,"column":34}},"3":{"start":{"line":7,"column":0},"end":{"line":7,"column":48}},"4":{"start":{"line":10,"column":30},"end":{"line":10,"column":40}},"5":{"start":{"line":11,"column":33},"end":{"line":11,"column":79}},"6":{"start":{"line":11,"column":67},"end":{"line":11,"column":78}},"7":{"start":{"line":13,"column":25},"end":{"line":15,"column":3}},"8":{"start":{"line":14,"column":4},"end":{"line":14,"column":28}},"9":{"start":{"line":17,"column":29},"end":{"line":18,"column":null}},"10":{"start":{"line":18,"column":20},"end":{"line":18,"column":43}},"11":{"start":{"line":21,"column":2},"end":{"line":23,"column":9}},"12":{"start":{"line":22,"column":4},"end":{"line":22,"column":21}},"13":{"start":{"line":25,"column":2},"end":{"line":31,"column":4}},"14":{"start":{"line":28,"column":8},"end":{"line":28,"column":61}},"15":{"start":{"line":9,"column":0},"end":{"line":9,"column":16}}},"fnMap":{"0":{"name":"CarList","decl":{"start":{"line":9,"column":16},"end":{"line":9,"column":23}},"loc":{"start":{"line":9,"column":23},"end":{"line":32,"column":1}}},"1":{"name":"(anonymous_1)","decl":{"start":{"line":11,"column":45},"end":{"line":11,"column":46}},"loc":{"start":{"line":11,"column":67},"end":{"line":11,"column":78}}},"2":{"name":"(anonymous_2)","decl":{"start":{"line":13,"column":25},"end":{"line":13,"column":30}},"loc":{"start":{"line":13,"column":36},"end":{"line":15,"column":3}}},"3":{"name":"(anonymous_3)","decl":{"start":{"line":18,"column":4},"end":{"line":18,"column":5}},"loc":{"start":{"line":18,"column":20},"end":{"line":18,"column":43}}},"4":{"name":"(anonymous_4)","decl":{"start":{"line":21,"column":12},"end":{"line":21,"column":15}},"loc":{"start":{"line":21,"column":17},"end":{"line":23,"column":3}}},"5":{"name":"(anonymous_5)","decl":{"start":{"line":27,"column":36},"end":{"line":27,"column":37}},"loc":{"start":{"line":28,"column":8},"end":{"line":28,"column":61}}}},"branchMap":{},"s":{"0":1,"1":1,"2":1,"3":1,"4":1,"5":1,"6":1,"7":1,"8":1,"9":1,"10":1,"11":1,"12":1,"13":1,"14":2,"15":1},"f":{"0":1,"1":1,"2":1,"3":1,"4":1,"5":2},"b":{}}
,"/Users/lanza/Desktop/ISDI/Trabajo Final/frontend/src/components/carlistCard/carlistcard.tsx": {"path":"/Users/lanza/Desktop/ISDI/Trabajo Final/frontend/src/components/carlistCard/carlistcard.tsx","statementMap":{"0":{"start":{"line":1,"column":0},"end":{"line":1,"column":40}},"1":{"start":{"line":3,"column":0},"end":{"line":3,"column":28}},"2":{"start":{"line":4,"column":0},"end":{"line":4,"column":47}},"3":{"start":{"line":5,"column":0},"end":{"line":5,"column":42}},"4":{"start":{"line":6,"column":0},"end":{"line":6,"column":42}},"5":{"start":{"line":7,"column":0},"end":{"line":7,"column":45}},"6":{"start":{"line":8,"column":0},"end":{"line":8,"column":52}},"7":{"start":{"line":9,"column":0},"end":{"line":9,"column":40}},"8":{"start":{"line":10,"column":0},"end":{"line":10,"column":42}},"9":{"start":{"line":16,"column":30},"end":{"line":16,"column":39}},"10":{"start":{"line":18,"column":23},"end":{"line":21,"column":3}},"11":{"start":{"line":19,"column":4},"end":{"line":19,"column":35}},"12":{"start":{"line":20,"column":4},"end":{"line":20,"column":29}},"13":{"start":{"line":23,"column":2},"end":{"line":65,"column":4}},"14":{"start":{"line":15,"column":0},"end":{"line":15,"column":16}}},"fnMap":{"0":{"name":"CarlistCard","decl":{"start":{"line":15,"column":16},"end":{"line":15,"column":27}},"loc":{"start":{"line":15,"column":47},"end":{"line":66,"column":1}}},"1":{"name":"(anonymous_1)","decl":{"start":{"line":18,"column":23},"end":{"line":18,"column":28}},"loc":{"start":{"line":18,"column":34},"end":{"line":21,"column":3}}}},"branchMap":{},"s":{"0":1,"1":1,"2":1,"3":1,"4":1,"5":1,"6":1,"7":1,"8":1,"9":2,"10":2,"11":0,"12":0,"13":2,"14":1},"f":{"0":2,"1":0},"b":{}}
,"/Users/lanza/Desktop/ISDI/Trabajo Final/frontend/src/components/editcar/editcar.tsx": {"path":"/Users/lanza/Desktop/ISDI/Trabajo Final/frontend/src/components/editcar/editcar.tsx","statementMap":{"0":{"start":{"line":2,"column":0},"end":{"line":2,"column":47}},"1":{"start":{"line":4,"column":0},"end":{"line":4,"column":24}},"2":{"start":{"line":5,"column":0},"end":{"line":5,"column":58}},"3":{"start":{"line":7,"column":0},"end":{"line":7,"column":42}},"4":{"start":{"line":11,"column":17},"end":{"line":11,"column":28}},"5":{"start":{"line":12,"column":19},"end":{"line":12,"column":32}},"6":{"start":{"line":13,"column":33},"end":{"line":13,"column":79}},"7":{"start":{"line":13,"column":67},"end":{"line":13,"column":78}},"8":{"start":{"line":14,"column":28},"end":{"line":14,"column":37}},"9":{"start":{"line":16,"column":15},"end":{"line":16,"column":77}},"10":{"start":{"line":16,"column":45},"end":{"line":16,"column":68}},"11":{"start":{"line":17,"column":19},"end":{"line":17,"column":72}},"12":{"start":{"line":17,"column":50},"end":{"line":17,"column":64}},"13":{"start":{"line":19,"column":25},"end":{"line":43,"column":3}},"14":{"start":{"line":20,"column":4},"end":{"line":20,"column":27}},"15":{"start":{"line":23,"column":6},"end":{"line":23,"column":37}},"16":{"start":{"line":25,"column":31},"end":{"line":39,"column":6}},"17":{"start":{"line":41,"column":4},"end":{"line":41,"column":30}},"18":{"start":{"line":42,"column":4},"end":{"line":42,"column":24}},"19":{"start":{"line":45,"column":2},"end":{"line":63,"column":4}},"20":{"start":{"line":10,"column":0},"end":{"line":10,"column":16}}},"fnMap":{"0":{"name":"EditCarForm","decl":{"start":{"line":10,"column":16},"end":{"line":10,"column":27}},"loc":{"start":{"line":10,"column":27},"end":{"line":64,"column":1}}},"1":{"name":"(anonymous_1)","decl":{"start":{"line":13,"column":45},"end":{"line":13,"column":46}},"loc":{"start":{"line":13,"column":67},"end":{"line":13,"column":78}}},"2":{"name":"(anonymous_2)","decl":{"start":{"line":16,"column":29},"end":{"line":16,"column":30}},"loc":{"start":{"line":16,"column":45},"end":{"line":16,"column":68}}},"3":{"name":"(anonymous_3)","decl":{"start":{"line":17,"column":35},"end":{"line":17,"column":36}},"loc":{"start":{"line":17,"column":50},"end":{"line":17,"column":64}}},"4":{"name":"(anonymous_4)","decl":{"start":{"line":19,"column":25},"end":{"line":19,"column":30}},"loc":{"start":{"line":19,"column":57},"end":{"line":43,"column":3}}}},"branchMap":{},"s":{"0":2,"1":2,"2":2,"3":2,"4":2,"5":2,"6":2,"7":2,"8":2,"9":2,"10":2,"11":2,"12":2,"13":2,"14":1,"15":1,"16":1,"17":1,"18":1,"19":2,"20":2},"f":{"0":2,"1":2,"2":2,"3":2,"4":1},"b":{}}
,"/Users/lanza/Desktop/ISDI/Trabajo Final/frontend/src/components/errorPage/errorPage.tsx": {"path":"/Users/lanza/Desktop/ISDI/Trabajo Final/frontend/src/components/errorPage/errorPage.tsx","statementMap":{"0":{"start":{"line":1,"column":0},"end":{"line":1,"column":26}},"1":{"start":{"line":4,"column":2},"end":{"line":8,"column":4}},"2":{"start":{"line":3,"column":0},"end":{"line":3,"column":24}}},"fnMap":{"0":{"name":"ErrorPage","decl":{"start":{"line":3,"column":24},"end":{"line":3,"column":33}},"loc":{"start":{"line":3,"column":33},"end":{"line":9,"column":1}}}},"branchMap":{},"s":{"0":1,"1":1,"2":1},"f":{"0":1},"b":{}}
,"/Users/lanza/Desktop/ISDI/Trabajo Final/frontend/src/components/footer/footer.tsx": {"path":"/Users/lanza/Desktop/ISDI/Trabajo Final/frontend/src/components/footer/footer.tsx","statementMap":{"0":{"start":{"line":1,"column":0},"end":{"line":1,"column":42}},"1":{"start":{"line":3,"column":2},"end":{"line":9,"column":4}},"2":{"start":{"line":2,"column":0},"end":{"line":2,"column":16}}},"fnMap":{"0":{"name":"Footer","decl":{"start":{"line":2,"column":16},"end":{"line":2,"column":22}},"loc":{"start":{"line":2,"column":22},"end":{"line":10,"column":1}}}},"branchMap":{},"s":{"0":1,"1":1,"2":1},"f":{"0":1},"b":{}}
,"/Users/lanza/Desktop/ISDI/Trabajo Final/frontend/src/components/header/header.tsx": {"path":"/Users/lanza/Desktop/ISDI/Trabajo Final/frontend/src/components/header/header.tsx","statementMap":{"0":{"start":{"line":1,"column":0},"end":{"line":1,"column":42}},"1":{"start":{"line":2,"column":0},"end":{"line":2,"column":47}},"2":{"start":{"line":3,"column":0},"end":{"line":3,"column":41}},"3":{"start":{"line":5,"column":0},"end":{"line":5,"column":23}},"4":{"start":{"line":6,"column":0},"end":{"line":6,"column":31}},"5":{"start":{"line":10,"column":19},"end":{"line":10,"column":32}},"6":{"start":{"line":11,"column":30},"end":{"line":11,"column":76}},"7":{"start":{"line":11,"column":64},"end":{"line":11,"column":75}},"8":{"start":{"line":13,"column":21},"end":{"line":34,"column":3}},"9":{"start":{"line":14,"column":4},"end":{"line":33,"column":null}},"10":{"start":{"line":15,"column":6},"end":{"line":15,"column":41}},"11":{"start":{"line":16,"column":6},"end":{"line":16,"column":20}},"12":{"start":{"line":17,"column":6},"end":{"line":28,"column":9}},"13":{"start":{"line":29,"column":6},"end":{"line":29,"column":20}},"14":{"start":{"line":30,"column":6},"end":{"line":30,"column":31}},"15":{"start":{"line":32,"column":6},"end":{"line":32,"column":24}},"16":{"start":{"line":36,"column":25},"end":{"line":38,"column":3}},"17":{"start":{"line":37,"column":4},"end":{"line":37,"column":25}},"18":{"start":{"line":40,"column":2},"end":{"line":93,"column":4}},"19":{"start":{"line":9,"column":0},"end":{"line":9,"column":16}}},"fnMap":{"0":{"name":"Header","decl":{"start":{"line":9,"column":16},"end":{"line":9,"column":22}},"loc":{"start":{"line":9,"column":62},"end":{"line":94,"column":1}}},"1":{"name":"(anonymous_2)","decl":{"start":{"line":11,"column":42},"end":{"line":11,"column":43}},"loc":{"start":{"line":11,"column":64},"end":{"line":11,"column":75}}},"2":{"name":"(anonymous_3)","decl":{"start":{"line":13,"column":21},"end":{"line":13,"column":24}},"loc":{"start":{"line":13,"column":26},"end":{"line":34,"column":3}}},"3":{"name":"(anonymous_4)","decl":{"start":{"line":36,"column":25},"end":{"line":36,"column":28}},"loc":{"start":{"line":36,"column":30},"end":{"line":38,"column":3}}}},"branchMap":{"0":{"loc":{"start":{"line":14,"column":4},"end":{"line":33,"column":null}},"type":"if","locations":[{"start":{"line":14,"column":4},"end":{"line":33,"column":null}},{"start":{"line":31,"column":11},"end":{"line":33,"column":null}}]},"1":{"loc":{"start":{"line":47,"column":11},"end":{"line":87,"column":null}},"type":"cond-expr","locations":[{"start":{"line":48,"column":12},"end":{"line":66,"column":null}},{"start":{"line":69,"column":12},"end":{"line":86,"column":null}}]}},"s":{"0":1,"1":1,"2":1,"3":1,"4":1,"5":5,"6":5,"7":10,"8":5,"9":2,"10":1,"11":1,"12":1,"13":1,"14":1,"15":1,"16":5,"17":1,"18":5,"19":1},"f":{"0":5,"1":10,"2":2,"3":1},"b":{"0":[1,1],"1":[1,4]}}
,"/Users/lanza/Desktop/ISDI/Trabajo Final/frontend/src/components/home/home.tsx": {"path":"/Users/lanza/Desktop/ISDI/Trabajo Final/frontend/src/components/home/home.tsx","statementMap":{"0":{"start":{"line":1,"column":0},"end":{"line":1,"column":34}},"1":{"start":{"line":2,"column":0},"end":{"line":2,"column":48}},"2":{"start":{"line":3,"column":0},"end":{"line":3,"column":21}},"3":{"start":{"line":4,"column":0},"end":{"line":4,"column":42}},"4":{"start":{"line":7,"column":0},"end":{"line":7,"column":36}},"5":{"start":{"line":8,"column":0},"end":{"line":8,"column":42}},"6":{"start":{"line":11,"column":30},"end":{"line":11,"column":40}},"7":{"start":{"line":12,"column":23},"end":{"line":12,"column":69}},"8":{"start":{"line":12,"column":57},"end":{"line":12,"column":68}},"9":{"start":{"line":14,"column":22},"end":{"line":16,"column":3}},"10":{"start":{"line":15,"column":4},"end":{"line":15,"column":28}},"11":{"start":{"line":18,"column":2},"end":{"line":20,"column":9}},"12":{"start":{"line":19,"column":4},"end":{"line":19,"column":18}},"13":{"start":{"line":22,"column":24},"end":{"line":28,"column":3}},"14":{"start":{"line":23,"column":4},"end":{"line":27,"column":null}},"15":{"start":{"line":24,"column":6},"end":{"line":24,"column":19}},"16":{"start":{"line":26,"column":6},"end":{"line":26,"column":18}},"17":{"start":{"line":30,"column":2},"end":{"line":43,"column":4}},"18":{"start":{"line":35,"column":39},"end":{"line":35,"column":78}},"19":{"start":{"line":10,"column":0},"end":{"line":10,"column":24}}},"fnMap":{"0":{"name":"Home","decl":{"start":{"line":10,"column":24},"end":{"line":10,"column":28}},"loc":{"start":{"line":10,"column":28},"end":{"line":44,"column":1}}},"1":{"name":"(anonymous_1)","decl":{"start":{"line":12,"column":35},"end":{"line":12,"column":36}},"loc":{"start":{"line":12,"column":57},"end":{"line":12,"column":68}}},"2":{"name":"(anonymous_2)","decl":{"start":{"line":14,"column":22},"end":{"line":14,"column":27}},"loc":{"start":{"line":14,"column":33},"end":{"line":16,"column":3}}},"3":{"name":"(anonymous_3)","decl":{"start":{"line":18,"column":12},"end":{"line":18,"column":15}},"loc":{"start":{"line":18,"column":17},"end":{"line":20,"column":3}}},"4":{"name":"(anonymous_4)","decl":{"start":{"line":22,"column":24},"end":{"line":22,"column":27}},"loc":{"start":{"line":22,"column":29},"end":{"line":28,"column":3}}},"5":{"name":"(anonymous_5)","decl":{"start":{"line":35,"column":23},"end":{"line":35,"column":24}},"loc":{"start":{"line":35,"column":39},"end":{"line":35,"column":78}}}},"branchMap":{"0":{"loc":{"start":{"line":23,"column":4},"end":{"line":27,"column":null}},"type":"if","locations":[{"start":{"line":23,"column":4},"end":{"line":27,"column":null}},{"start":{"line":25,"column":11},"end":{"line":27,"column":null}}]},"1":{"loc":{"start":{"line":34,"column":9},"end":{"line":39,"column":null}},"type":"cond-expr","locations":[{"start":{"line":35,"column":10},"end":{"line":35,"column":79}},{"start":{"line":37,"column":10},"end":{"line":38,"column":null}}]}},"s":{"0":1,"1":1,"2":1,"3":1,"4":1,"5":1,"6":2,"7":2,"8":4,"9":2,"10":2,"11":2,"12":2,"13":2,"14":2,"15":2,"16":0,"17":2,"18":0,"19":1},"f":{"0":2,"1":4,"2":2,"3":2,"4":2,"5":0},"b":{"0":[2,0],"1":[0,2]}}
,"/Users/lanza/Desktop/ISDI/Trabajo Final/frontend/src/components/login/login.tsx": {"path":"/Users/lanza/Desktop/ISDI/Trabajo Final/frontend/src/components/login/login.tsx","statementMap":{"0":{"start":{"line":2,"column":0},"end":{"line":2,"column":22}},"1":{"start":{"line":3,"column":0},"end":{"line":3,"column":48}},"2":{"start":{"line":4,"column":0},"end":{"line":4,"column":47}},"3":{"start":{"line":5,"column":0},"end":{"line":5,"column":31}},"4":{"start":{"line":8,"column":30},"end":{"line":8,"column":40}},"5":{"start":{"line":9,"column":19},"end":{"line":9,"column":32}},"6":{"start":{"line":11,"column":22},"end":{"line":53,"column":3}},"7":{"start":{"line":12,"column":4},"end":{"line":12,"column":27}},"8":{"start":{"line":13,"column":25},"end":{"line":13,"column":57}},"9":{"start":{"line":15,"column":17},"end":{"line":18,"column":6}},"10":{"start":{"line":20,"column":25},"end":{"line":20,"column":52}},"11":{"start":{"line":21,"column":4},"end":{"line":21,"column":49}},"12":{"start":{"line":22,"column":4},"end":{"line":37,"column":null}},"13":{"start":{"line":23,"column":6},"end":{"line":23,"column":24}},"14":{"start":{"line":24,"column":6},"end":{"line":35,"column":9}},"15":{"start":{"line":36,"column":6},"end":{"line":36,"column":20}},"16":{"start":{"line":38,"column":4},"end":{"line":52,"column":null}},"17":{"start":{"line":39,"column":6},"end":{"line":50,"column":9}},"18":{"start":{"line":51,"column":6},"end":{"line":51,"column":25}},"19":{"start":{"line":55,"column":2},"end":{"line":66,"column":4}},"20":{"start":{"line":7,"column":0},"end":{"line":7,"column":24}}},"fnMap":{"0":{"name":"Login","decl":{"start":{"line":7,"column":24},"end":{"line":7,"column":29}},"loc":{"start":{"line":7,"column":29},"end":{"line":67,"column":1}}},"1":{"name":"(anonymous_2)","decl":{"start":{"line":11,"column":22},"end":{"line":11,"column":27}},"loc":{"start":{"line":11,"column":54},"end":{"line":53,"column":3}}}},"branchMap":{"0":{"loc":{"start":{"line":22,"column":4},"end":{"line":37,"column":null}},"type":"if","locations":[{"start":{"line":22,"column":4},"end":{"line":37,"column":null}}]},"1":{"loc":{"start":{"line":38,"column":4},"end":{"line":52,"column":null}},"type":"if","locations":[{"start":{"line":38,"column":4},"end":{"line":52,"column":null}}]}},"s":{"0":1,"1":1,"2":1,"3":1,"4":4,"5":4,"6":4,"7":2,"8":2,"9":2,"10":2,"11":2,"12":2,"13":1,"14":1,"15":1,"16":2,"17":1,"18":1,"19":4,"20":1},"f":{"0":4,"1":2},"b":{"0":[1],"1":[1]}}
,"/Users/lanza/Desktop/ISDI/Trabajo Final/frontend/src/components/menu/menu.tsx": {"path":"/Users/lanza/Desktop/ISDI/Trabajo Final/frontend/src/components/menu/menu.tsx","statementMap":{"0":{"start":{"line":1,"column":0},"end":{"line":1,"column":42}},"1":{"start":{"line":3,"column":0},"end":{"line":3,"column":53}},"2":{"start":{"line":6,"column":0},"end":{"line":6,"column":21}},"3":{"start":{"line":13,"column":19},"end":{"line":13,"column":32}},"4":{"start":{"line":15,"column":20},"end":{"line":15,"column":66}},"5":{"start":{"line":15,"column":54},"end":{"line":15,"column":65}},"6":{"start":{"line":17,"column":2},"end":{"line":35,"column":4}},"7":{"start":{"line":22,"column":12},"end":{"line":30,"column":null}},"8":{"start":{"line":12,"column":0},"end":{"line":12,"column":16}}},"fnMap":{"0":{"name":"Menu","decl":{"start":{"line":12,"column":16},"end":{"line":12,"column":20}},"loc":{"start":{"line":12,"column":43},"end":{"line":36,"column":1}}},"1":{"name":"(anonymous_1)","decl":{"start":{"line":15,"column":32},"end":{"line":15,"column":33}},"loc":{"start":{"line":15,"column":54},"end":{"line":15,"column":65}}},"2":{"name":"(anonymous_2)","decl":{"start":{"line":21,"column":10},"end":{"line":21,"column":11}},"loc":{"start":{"line":22,"column":12},"end":{"line":30,"column":null}}}},"branchMap":{"0":{"loc":{"start":{"line":22,"column":12},"end":{"line":30,"column":null}},"type":"binary-expr","locations":[{"start":{"line":22,"column":13},"end":{"line":22,"column":28}},{"start":{"line":22,"column":32},"end":{"line":22,"column":37}},{"start":{"line":23,"column":14},"end":{"line":23,"column":null}}]},"1":{"loc":{"start":{"line":26,"column":29},"end":{"line":26,"column":75}},"type":"cond-expr","locations":[{"start":{"line":26,"column":62},"end":{"line":26,"column":70}},{"start":{"line":26,"column":73},"end":{"line":26,"column":75}}]}},"s":{"0":1,"1":1,"2":1,"3":3,"4":3,"5":0,"6":3,"7":9,"8":1},"f":{"0":3,"1":0,"2":9},"b":{"0":[9,6,9],"1":[3,6]}}
,"/Users/lanza/Desktop/ISDI/Trabajo Final/frontend/src/components/profile/profile.tsx": {"path":"/Users/lanza/Desktop/ISDI/Trabajo Final/frontend/src/components/profile/profile.tsx","statementMap":{"0":{"start":{"line":1,"column":0},"end":{"line":1,"column":42}},"1":{"start":{"line":3,"column":0},"end":{"line":3,"column":44}},"2":{"start":{"line":4,"column":0},"end":{"line":4,"column":47}},"3":{"start":{"line":5,"column":0},"end":{"line":5,"column":48}},"4":{"start":{"line":6,"column":0},"end":{"line":6,"column":24}},"5":{"start":{"line":9,"column":23},"end":{"line":9,"column":69}},"6":{"start":{"line":9,"column":57},"end":{"line":9,"column":68}},"7":{"start":{"line":11,"column":2},"end":{"line":35,"column":4}},"8":{"start":{"line":8,"column":0},"end":{"line":8,"column":16}}},"fnMap":{"0":{"name":"Profile","decl":{"start":{"line":8,"column":16},"end":{"line":8,"column":23}},"loc":{"start":{"line":8,"column":23},"end":{"line":36,"column":1}}},"1":{"name":"(anonymous_1)","decl":{"start":{"line":9,"column":35},"end":{"line":9,"column":36}},"loc":{"start":{"line":9,"column":57},"end":{"line":9,"column":68}}}},"branchMap":{},"s":{"0":1,"1":1,"2":1,"3":1,"4":1,"5":0,"6":0,"7":0,"8":1},"f":{"0":0,"1":0},"b":{}}
,"/Users/lanza/Desktop/ISDI/Trabajo Final/frontend/src/components/register/register.tsx": {"path":"/Users/lanza/Desktop/ISDI/Trabajo Final/frontend/src/components/register/register.tsx","statementMap":{"0":{"start":{"line":2,"column":0},"end":{"line":2,"column":25}},"1":{"start":{"line":3,"column":0},"end":{"line":3,"column":47}},"2":{"start":{"line":4,"column":0},"end":{"line":4,"column":48}},"3":{"start":{"line":7,"column":19},"end":{"line":7,"column":32}},"4":{"start":{"line":8,"column":33},"end":{"line":8,"column":43}},"5":{"start":{"line":10,"column":25},"end":{"line":18,"column":3}},"6":{"start":{"line":11,"column":4},"end":{"line":11,"column":27}},"7":{"start":{"line":13,"column":6},"end":{"line":13,"column":37}},"8":{"start":{"line":15,"column":17},"end":{"line":15,"column":50}},"9":{"start":{"line":16,"column":4},"end":{"line":16,"column":35}},"10":{"start":{"line":17,"column":4},"end":{"line":17,"column":23}},"11":{"start":{"line":20,"column":2},"end":{"line":65,"column":4}},"12":{"start":{"line":6,"column":0},"end":{"line":6,"column":24}}},"fnMap":{"0":{"name":"Register","decl":{"start":{"line":6,"column":24},"end":{"line":6,"column":32}},"loc":{"start":{"line":6,"column":32},"end":{"line":66,"column":1}}},"1":{"name":"(anonymous_1)","decl":{"start":{"line":10,"column":25},"end":{"line":10,"column":30}},"loc":{"start":{"line":10,"column":57},"end":{"line":18,"column":3}}}},"branchMap":{},"s":{"0":1,"1":1,"2":1,"3":1,"4":1,"5":1,"6":0,"7":0,"8":0,"9":0,"10":0,"11":1,"12":1},"f":{"0":1,"1":0},"b":{}}
,"/Users/lanza/Desktop/ISDI/Trabajo Final/frontend/src/components/userDetails/userdetails.tsx": {"path":"/Users/lanza/Desktop/ISDI/Trabajo Final/frontend/src/components/userDetails/userdetails.tsx","statementMap":{"0":{"start":{"line":1,"column":0},"end":{"line":1,"column":45}},"1":{"start":{"line":2,"column":0},"end":{"line":2,"column":28}},"2":{"start":{"line":4,"column":0},"end":{"line":4,"column":42}},"3":{"start":{"line":7,"column":0},"end":{"line":7,"column":65}},"4":{"start":{"line":8,"column":0},"end":{"line":8,"column":44}},"5":{"start":{"line":9,"column":0},"end":{"line":9,"column":48}},"6":{"start":{"line":10,"column":0},"end":{"line":10,"column":42}},"7":{"start":{"line":11,"column":0},"end":{"line":11,"column":42}},"8":{"start":{"line":12,"column":0},"end":{"line":12,"column":45}},"9":{"start":{"line":13,"column":0},"end":{"line":13,"column":52}},"10":{"start":{"line":16,"column":17},"end":{"line":16,"column":28}},"11":{"start":{"line":17,"column":23},"end":{"line":17,"column":69}},"12":{"start":{"line":17,"column":57},"end":{"line":17,"column":68}},"13":{"start":{"line":19,"column":21},"end":{"line":19,"column":74}},"14":{"start":{"line":19,"column":51},"end":{"line":19,"column":65}},"15":{"start":{"line":21,"column":23},"end":{"line":25,"column":3}},"16":{"start":{"line":22,"column":4},"end":{"line":24,"column":null}},"17":{"start":{"line":23,"column":6},"end":{"line":23,"column":18}},"18":{"start":{"line":27,"column":2},"end":{"line":86,"column":4}},"19":{"start":{"line":60,"column":10},"end":{"line":60,"column":null}},"20":{"start":{"line":15,"column":0},"end":{"line":15,"column":24}}},"fnMap":{"0":{"name":"UserDetails","decl":{"start":{"line":15,"column":24},"end":{"line":15,"column":35}},"loc":{"start":{"line":15,"column":35},"end":{"line":87,"column":1}}},"1":{"name":"(anonymous_1)","decl":{"start":{"line":17,"column":35},"end":{"line":17,"column":36}},"loc":{"start":{"line":17,"column":57},"end":{"line":17,"column":68}}},"2":{"name":"(anonymous_2)","decl":{"start":{"line":19,"column":35},"end":{"line":19,"column":36}},"loc":{"start":{"line":19,"column":51},"end":{"line":19,"column":65}}},"3":{"name":"(anonymous_3)","decl":{"start":{"line":21,"column":23},"end":{"line":21,"column":26}},"loc":{"start":{"line":21,"column":28},"end":{"line":25,"column":3}}},"4":{"name":"(anonymous_4)","decl":{"start":{"line":59,"column":23},"end":{"line":59,"column":24}},"loc":{"start":{"line":60,"column":10},"end":{"line":60,"column":null}}}},"branchMap":{"0":{"loc":{"start":{"line":22,"column":4},"end":{"line":24,"column":null}},"type":"if","locations":[{"start":{"line":22,"column":4},"end":{"line":24,"column":null}}]},"1":{"loc":{"start":{"line":54,"column":7},"end":{"line":83,"column":null}},"type":"cond-expr","locations":[{"start":{"line":55,"column":8},"end":{"line":56,"column":null}},{"start":{"line":59,"column":8},"end":{"line":83,"column":10}}]}},"s":{"0":1,"1":1,"2":1,"3":1,"4":1,"5":1,"6":1,"7":1,"8":1,"9":1,"10":0,"11":0,"12":0,"13":0,"14":0,"15":0,"16":0,"17":0,"18":0,"19":0,"20":1},"f":{"0":0,"1":0,"2":0,"3":0,"4":0},"b":{"0":[0],"1":[0,0]}}
,"/Users/lanza/Desktop/ISDI/Trabajo Final/frontend/src/hooks/use.cars.ts": {"path":"/Users/lanza/Desktop/ISDI/Trabajo Final/frontend/src/hooks/use.cars.ts","statementMap":{"0":{"start":{"line":1,"column":0},"end":{"line":1,"column":55}},"1":{"start":{"line":3,"column":0},"end":{"line":3,"column":45}},"2":{"start":{"line":6,"column":0},"end":{"line":6,"column":59}},"3":{"start":{"line":7,"column":0},"end":{"line":7,"column":null}},"4":{"start":{"line":13,"column":0},"end":{"line":13,"column":31}},"5":{"start":{"line":14,"column":0},"end":{"line":14,"column":32}},"6":{"start":{"line":17,"column":32},"end":{"line":17,"column":45}},"7":{"start":{"line":18,"column":20},"end":{"line":18,"column":66}},"8":{"start":{"line":18,"column":54},"end":{"line":18,"column":65}},"9":{"start":{"line":19,"column":30},"end":{"line":21,"column":null}},"10":{"start":{"line":20,"column":10},"end":{"line":20,"column":49}},"11":{"start":{"line":24,"column":25},"end":{"line":26,"column":22}},"12":{"start":{"line":25,"column":4},"end":{"line":25,"column":34}},"13":{"start":{"line":28,"column":23},"end":{"line":57,"column":3}},"14":{"start":{"line":29,"column":4},"end":{"line":56,"column":null}},"15":{"start":{"line":30,"column":6},"end":{"line":30,"column":55}},"16":{"start":{"line":31,"column":6},"end":{"line":42,"column":9}},"17":{"start":{"line":44,"column":6},"end":{"line":55,"column":9}},"18":{"start":{"line":59,"column":24},"end":{"line":88,"column":3}},"19":{"start":{"line":60,"column":4},"end":{"line":87,"column":null}},"20":{"start":{"line":61,"column":6},"end":{"line":61,"column":51}},"21":{"start":{"line":62,"column":6},"end":{"line":73,"column":9}},"22":{"start":{"line":75,"column":6},"end":{"line":86,"column":9}},"23":{"start":{"line":90,"column":26},"end":{"line":119,"column":3}},"24":{"start":{"line":91,"column":4},"end":{"line":118,"column":null}},"25":{"start":{"line":92,"column":6},"end":{"line":92,"column":57}},"26":{"start":{"line":93,"column":6},"end":{"line":104,"column":9}},"27":{"start":{"line":106,"column":6},"end":{"line":117,"column":9}},"28":{"start":{"line":121,"column":2},"end":{"line":126,"column":4}},"29":{"start":{"line":16,"column":0},"end":{"line":16,"column":16}}},"fnMap":{"0":{"name":"useCars","decl":{"start":{"line":16,"column":16},"end":{"line":16,"column":23}},"loc":{"start":{"line":16,"column":23},"end":{"line":127,"column":1}}},"1":{"name":"(anonymous_2)","decl":{"start":{"line":18,"column":32},"end":{"line":18,"column":33}},"loc":{"start":{"line":18,"column":54},"end":{"line":18,"column":65}}},"2":{"name":"(anonymous_3)","decl":{"start":{"line":20,"column":4},"end":{"line":20,"column":7}},"loc":{"start":{"line":20,"column":10},"end":{"line":20,"column":49}}},"3":{"name":"(anonymous_4)","decl":{"start":{"line":24,"column":37},"end":{"line":24,"column":42}},"loc":{"start":{"line":24,"column":48},"end":{"line":26,"column":3}}},"4":{"name":"(anonymous_5)","decl":{"start":{"line":28,"column":23},"end":{"line":28,"column":28}},"loc":{"start":{"line":28,"column":48},"end":{"line":57,"column":3}}},"5":{"name":"(anonymous_6)","decl":{"start":{"line":59,"column":24},"end":{"line":59,"column":29}},"loc":{"start":{"line":59,"column":53},"end":{"line":88,"column":3}}},"6":{"name":"(anonymous_7)","decl":{"start":{"line":90,"column":26},"end":{"line":90,"column":31}},"loc":{"start":{"line":90,"column":47},"end":{"line":119,"column":3}}}},"branchMap":{},"s":{"0":3,"1":3,"2":3,"3":3,"4":3,"5":3,"6":6,"7":6,"8":13,"9":6,"10":6,"11":6,"12":1,"13":6,"14":1,"15":1,"16":1,"17":0,"18":6,"19":1,"20":1,"21":1,"22":0,"23":6,"24":1,"25":1,"26":1,"27":0,"28":6,"29":3},"f":{"0":6,"1":13,"2":6,"3":1,"4":1,"5":1,"6":1},"b":{}}
,"/Users/lanza/Desktop/ISDI/Trabajo Final/frontend/src/hooks/use.user.ts": {"path":"/Users/lanza/Desktop/ISDI/Trabajo Final/frontend/src/hooks/use.user.ts","statementMap":{"0":{"start":{"line":1,"column":0},"end":{"line":1,"column":55}},"1":{"start":{"line":2,"column":0},"end":{"line":2,"column":52}},"2":{"start":{"line":3,"column":0},"end":{"line":3,"column":45}},"3":{"start":{"line":5,"column":0},"end":{"line":5,"column":null}},"4":{"start":{"line":14,"column":0},"end":{"line":14,"column":61}},"5":{"start":{"line":15,"column":0},"end":{"line":15,"column":32}},"6":{"start":{"line":16,"column":0},"end":{"line":16,"column":31}},"7":{"start":{"line":19,"column":16},"end":{"line":19,"column":58}},"8":{"start":{"line":19,"column":46},"end":{"line":19,"column":57}},"9":{"start":{"line":20,"column":32},"end":{"line":20,"column":45}},"10":{"start":{"line":21,"column":31},"end":{"line":21,"column":73}},"11":{"start":{"line":21,"column":45},"end":{"line":21,"column":68}},"12":{"start":{"line":23,"column":26},"end":{"line":25,"column":22}},"13":{"start":{"line":24,"column":4},"end":{"line":24,"column":35}},"14":{"start":{"line":27,"column":28},"end":{"line":29,"column":3}},"15":{"start":{"line":28,"column":4},"end":{"line":28,"column":55}},"16":{"start":{"line":31,"column":29},"end":{"line":60,"column":3}},"17":{"start":{"line":32,"column":4},"end":{"line":59,"column":null}},"18":{"start":{"line":33,"column":6},"end":{"line":33,"column":56}},"19":{"start":{"line":34,"column":6},"end":{"line":45,"column":9}},"20":{"start":{"line":47,"column":6},"end":{"line":58,"column":9}},"21":{"start":{"line":62,"column":26},"end":{"line":72,"column":3}},"22":{"start":{"line":63,"column":4},"end":{"line":63,"column":51}},"23":{"start":{"line":64,"column":23},"end":{"line":64,"column":51}},"24":{"start":{"line":65,"column":4},"end":{"line":65,"column":56}},"25":{"start":{"line":66,"column":4},"end":{"line":66,"column":41}},"26":{"start":{"line":67,"column":4},"end":{"line":71,"column":null}},"27":{"start":{"line":68,"column":6},"end":{"line":68,"column":18}},"28":{"start":{"line":70,"column":6},"end":{"line":70,"column":19}},"29":{"start":{"line":74,"column":31},"end":{"line":79,"column":3}},"30":{"start":{"line":78,"column":4},"end":{"line":78,"column":53}},"31":{"start":{"line":81,"column":25},"end":{"line":83,"column":3}},"32":{"start":{"line":82,"column":4},"end":{"line":82,"column":33}},"33":{"start":{"line":85,"column":27},"end":{"line":88,"column":3}},"34":{"start":{"line":86,"column":4},"end":{"line":86,"column":26}},"35":{"start":{"line":87,"column":4},"end":{"line":87,"column":37}},"36":{"start":{"line":90,"column":2},"end":{"line":99,"column":4}},"37":{"start":{"line":18,"column":0},"end":{"line":18,"column":16}}},"fnMap":{"0":{"name":"useUsers","decl":{"start":{"line":18,"column":16},"end":{"line":18,"column":24}},"loc":{"start":{"line":18,"column":24},"end":{"line":100,"column":1}}},"1":{"name":"(anonymous_2)","decl":{"start":{"line":19,"column":28},"end":{"line":19,"column":29}},"loc":{"start":{"line":19,"column":46},"end":{"line":19,"column":57}}},"2":{"name":"(anonymous_3)","decl":{"start":{"line":21,"column":39},"end":{"line":21,"column":42}},"loc":{"start":{"line":21,"column":45},"end":{"line":21,"column":68}}},"3":{"name":"(anonymous_4)","decl":{"start":{"line":23,"column":38},"end":{"line":23,"column":43}},"loc":{"start":{"line":23,"column":49},"end":{"line":25,"column":3}}},"4":{"name":"(anonymous_5)","decl":{"start":{"line":27,"column":28},"end":{"line":27,"column":33}},"loc":{"start":{"line":27,"column":53},"end":{"line":29,"column":3}}},"5":{"name":"(anonymous_6)","decl":{"start":{"line":31,"column":29},"end":{"line":31,"column":34}},"loc":{"start":{"line":31,"column":54},"end":{"line":60,"column":3}}},"6":{"name":"(anonymous_7)","decl":{"start":{"line":62,"column":26},"end":{"line":62,"column":31}},"loc":{"start":{"line":62,"column":74},"end":{"line":72,"column":3}}},"7":{"name":"(anonymous_8)","decl":{"start":{"line":74,"column":31},"end":{"line":74,"column":36}},"loc":{"start":{"line":77,"column":6},"end":{"line":79,"column":3}}},"8":{"name":"(anonymous_9)","decl":{"start":{"line":81,"column":25},"end":{"line":81,"column":26}},"loc":{"start":{"line":81,"column":43},"end":{"line":83,"column":3}}},"9":{"name":"(anonymous_10)","decl":{"start":{"line":85,"column":27},"end":{"line":85,"column":30}},"loc":{"start":{"line":85,"column":32},"end":{"line":88,"column":3}}}},"branchMap":{"0":{"loc":{"start":{"line":67,"column":4},"end":{"line":71,"column":null}},"type":"if","locations":[{"start":{"line":67,"column":4},"end":{"line":71,"column":null}},{"start":{"line":69,"column":11},"end":{"line":71,"column":null}}]},"1":{"loc":{"start":{"line":67,"column":8},"end":{"line":67,"column":53}},"type":"binary-expr","locations":[{"start":{"line":67,"column":8},"end":{"line":67,"column":25}},{"start":{"line":67,"column":29},"end":{"line":67,"column":53}}]}},"s":{"0":2,"1":2,"2":2,"3":2,"4":2,"5":2,"6":2,"7":4,"8":12,"9":4,"10":4,"11":4,"12":4,"13":0,"14":4,"15":0,"16":4,"17":1,"18":1,"19":1,"20":0,"21":4,"22":1,"23":1,"24":1,"25":1,"26":1,"27":0,"28":1,"29":4,"30":0,"31":4,"32":1,"33":4,"34":0,"35":0,"36":4,"37":2},"f":{"0":4,"1":12,"2":4,"3":0,"4":0,"5":1,"6":1,"7":0,"8":1,"9":0},"b":{"0":[0,1],"1":[1,0]}}
,"/Users/lanza/Desktop/ISDI/Trabajo Final/frontend/src/redux/car.slice.ts": {"path":"/Users/lanza/Desktop/ISDI/Trabajo Final/frontend/src/redux/car.slice.ts","statementMap":{"0":{"start":{"line":1,"column":0},"end":{"line":1,"column":65}},"1":{"start":{"line":18,"column":28},"end":{"line":22,"column":2}},"2":{"start":{"line":24,"column":13},"end":{"line":30,"column":2}},"3":{"start":{"line":27,"column":21},"end":{"line":27,"column":39}},"4":{"start":{"line":28,"column":4},"end":{"line":28,"column":20}},"5":{"start":{"line":32,"column":13},"end":{"line":38,"column":3}},"6":{"start":{"line":36,"column":17},"end":{"line":36,"column":42}},"7":{"start":{"line":37,"column":2},"end":{"line":37,"column":16}},"8":{"start":{"line":40,"column":13},"end":{"line":50,"column":3}},"9":{"start":{"line":44,"column":2},"end":{"line":49,"column":null}},"10":{"start":{"line":45,"column":4},"end":{"line":45,"column":30}},"11":{"start":{"line":46,"column":4},"end":{"line":46,"column":14}},"12":{"start":{"line":48,"column":4},"end":{"line":48,"column":52}},"13":{"start":{"line":52,"column":13},"end":{"line":57,"column":3}},"14":{"start":{"line":56,"column":2},"end":{"line":56,"column":32}},"15":{"start":{"line":59,"column":18},"end":{"line":77,"column":2}},"16":{"start":{"line":64,"column":4},"end":{"line":67,"column":8}},"17":{"start":{"line":64,"column":70},"end":{"line":67,"column":6}},"18":{"start":{"line":68,"column":4},"end":{"line":71,"column":8}},"19":{"start":{"line":68,"column":73},"end":{"line":71,"column":6}},"20":{"start":{"line":72,"column":4},"end":{"line":75,"column":8}},"21":{"start":{"line":72,"column":69},"end":{"line":75,"column":6}},"22":{"start":{"line":79,"column":0},"end":{"line":79,"column":33}}},"fnMap":{"0":{"name":"(anonymous_0)","decl":{"start":{"line":26,"column":2},"end":{"line":26,"column":7}},"loc":{"start":{"line":26,"column":32},"end":{"line":29,"column":3}}},"1":{"name":"(anonymous_1)","decl":{"start":{"line":35,"column":19},"end":{"line":35,"column":24}},"loc":{"start":{"line":35,"column":44},"end":{"line":38,"column":1}}},"2":{"name":"(anonymous_2)","decl":{"start":{"line":43,"column":21},"end":{"line":43,"column":26}},"loc":{"start":{"line":43,"column":54},"end":{"line":50,"column":1}}},"3":{"name":"(anonymous_3)","decl":{"start":{"line":55,"column":15},"end":{"line":55,"column":20}},"loc":{"start":{"line":55,"column":40},"end":{"line":57,"column":1}}},"4":{"name":"(anonymous_4)","decl":{"start":{"line":63,"column":17},"end":{"line":63,"column":18}},"loc":{"start":{"line":63,"column":29},"end":{"line":76,"column":3}}},"5":{"name":"(anonymous_5)","decl":{"start":{"line":64,"column":45},"end":{"line":64,"column":46}},"loc":{"start":{"line":64,"column":70},"end":{"line":67,"column":6}}},"6":{"name":"(anonymous_6)","decl":{"start":{"line":68,"column":48},"end":{"line":68,"column":49}},"loc":{"start":{"line":68,"column":73},"end":{"line":71,"column":6}}},"7":{"name":"(anonymous_7)","decl":{"start":{"line":72,"column":44},"end":{"line":72,"column":45}},"loc":{"start":{"line":72,"column":69},"end":{"line":75,"column":6}}}},"branchMap":{},"s":{"0":13,"1":13,"2":13,"3":3,"4":2,"5":13,"6":3,"7":2,"8":13,"9":3,"10":3,"11":2,"12":1,"13":13,"14":3,"15":13,"16":13,"17":2,"18":13,"19":2,"20":13,"21":2,"22":13},"f":{"0":3,"1":3,"2":3,"3":3,"4":13,"5":2,"6":2,"7":2},"b":{}}
,"/Users/lanza/Desktop/ISDI/Trabajo Final/frontend/src/redux/store.ts": {"path":"/Users/lanza/Desktop/ISDI/Trabajo Final/frontend/src/redux/store.ts","statementMap":{"0":{"start":{"line":1,"column":0},"end":{"line":1,"column":50}},"1":{"start":{"line":2,"column":0},"end":{"line":2,"column":37}},"2":{"start":{"line":3,"column":0},"end":{"line":3,"column":35}},"3":{"start":{"line":5,"column":13},"end":{"line":10,"column":3}}},"fnMap":{},"branchMap":{},"s":{"0":13,"1":13,"2":13,"3":13},"f":{},"b":{}}
,"/Users/lanza/Desktop/ISDI/Trabajo Final/frontend/src/redux/user.slice.ts": {"path":"/Users/lanza/Desktop/ISDI/Trabajo Final/frontend/src/redux/user.slice.ts","statementMap":{"0":{"start":{"line":1,"column":0},"end":{"line":1,"column":80}},"1":{"start":{"line":25,"column":28},"end":{"line":29,"column":2}},"2":{"start":{"line":31,"column":13},"end":{"line":37,"column":2}},"3":{"start":{"line":34,"column":21},"end":{"line":34,"column":39}},"4":{"start":{"line":35,"column":4},"end":{"line":35,"column":20}},"5":{"start":{"line":39,"column":13},"end":{"line":45,"column":3}},"6":{"start":{"line":43,"column":19},"end":{"line":43,"column":44}},"7":{"start":{"line":44,"column":2},"end":{"line":44,"column":18}},"8":{"start":{"line":47,"column":13},"end":{"line":52,"column":3}},"9":{"start":{"line":51,"column":2},"end":{"line":51,"column":35}},"10":{"start":{"line":54,"column":13},"end":{"line":60,"column":3}},"11":{"start":{"line":58,"column":17},"end":{"line":58,"column":39}},"12":{"start":{"line":59,"column":2},"end":{"line":59,"column":16}},"13":{"start":{"line":62,"column":19},"end":{"line":113,"column":2}},"14":{"start":{"line":67,"column":6},"end":{"line":67,"column":28}},"15":{"start":{"line":69,"column":24},"end":{"line":72,"column":6}},"16":{"start":{"line":73,"column":72},"end":{"line":77,"column":6}},"17":{"start":{"line":78,"column":69},"end":{"line":84,"column":6}},"18":{"start":{"line":87,"column":4},"end":{"line":90,"column":8}},"19":{"start":{"line":87,"column":71},"end":{"line":90,"column":6}},"20":{"start":{"line":91,"column":4},"end":{"line":94,"column":8}},"21":{"start":{"line":91,"column":79},"end":{"line":94,"column":6}},"22":{"start":{"line":95,"column":4},"end":{"line":98,"column":8}},"23":{"start":{"line":95,"column":74},"end":{"line":98,"column":6}},"24":{"start":{"line":99,"column":4},"end":{"line":111,"column":8}},"25":{"start":{"line":99,"column":71},"end":{"line":111,"column":6}},"26":{"start":{"line":115,"column":13},"end":{"line":115,"column":37}},"27":{"start":{"line":116,"column":0},"end":{"line":116,"column":34}}},"fnMap":{"0":{"name":"(anonymous_0)","decl":{"start":{"line":33,"column":2},"end":{"line":33,"column":7}},"loc":{"start":{"line":33,"column":33},"end":{"line":36,"column":3}}},"1":{"name":"(anonymous_1)","decl":{"start":{"line":42,"column":22},"end":{"line":42,"column":27}},"loc":{"start":{"line":42,"column":49},"end":{"line":45,"column":1}}},"2":{"name":"(anonymous_2)","decl":{"start":{"line":50,"column":20},"end":{"line":50,"column":25}},"loc":{"start":{"line":50,"column":45},"end":{"line":52,"column":1}}},"3":{"name":"(anonymous_3)","decl":{"start":{"line":57,"column":17},"end":{"line":57,"column":22}},"loc":{"start":{"line":57,"column":42},"end":{"line":60,"column":1}}},"4":{"name":"(anonymous_4)","decl":{"start":{"line":66,"column":14},"end":{"line":66,"column":15}},"loc":{"start":{"line":66,"column":60},"end":{"line":68,"column":5}}},"5":{"name":"(anonymous_5)","decl":{"start":{"line":69,"column":12},"end":{"line":69,"column":13}},"loc":{"start":{"line":69,"column":24},"end":{"line":72,"column":6}}},"6":{"name":"(anonymous_6)","decl":{"start":{"line":73,"column":20},"end":{"line":73,"column":21}},"loc":{"start":{"line":73,"column":72},"end":{"line":77,"column":6}}},"7":{"name":"(anonymous_7)","decl":{"start":{"line":78,"column":24},"end":{"line":78,"column":25}},"loc":{"start":{"line":78,"column":69},"end":{"line":84,"column":6}}},"8":{"name":"(anonymous_8)","decl":{"start":{"line":86,"column":17},"end":{"line":86,"column":18}},"loc":{"start":{"line":86,"column":29},"end":{"line":112,"column":3}}},"9":{"name":"(anonymous_9)","decl":{"start":{"line":87,"column":46},"end":{"line":87,"column":47}},"loc":{"start":{"line":87,"column":71},"end":{"line":90,"column":6}}},"10":{"name":"(anonymous_10)","decl":{"start":{"line":91,"column":54},"end":{"line":91,"column":55}},"loc":{"start":{"line":91,"column":79},"end":{"line":94,"column":6}}},"11":{"name":"(anonymous_11)","decl":{"start":{"line":95,"column":49},"end":{"line":95,"column":50}},"loc":{"start":{"line":95,"column":74},"end":{"line":98,"column":6}}},"12":{"name":"(anonymous_12)","decl":{"start":{"line":99,"column":46},"end":{"line":99,"column":47}},"loc":{"start":{"line":99,"column":71},"end":{"line":111,"column":6}}}},"branchMap":{},"s":{"0":13,"1":13,"2":13,"3":1,"4":1,"5":13,"6":1,"7":1,"8":13,"9":3,"10":13,"11":3,"12":2,"13":13,"14":3,"15":1,"16":1,"17":0,"18":13,"19":1,"20":13,"21":1,"22":13,"23":2,"24":13,"25":2,"26":13,"27":13},"f":{"0":1,"1":1,"2":3,"3":3,"4":3,"5":1,"6":1,"7":0,"8":13,"9":1,"10":1,"11":2,"12":2},"b":{}}
,"/Users/lanza/Desktop/ISDI/Trabajo Final/frontend/src/services/api.repository.ts": {"path":"/Users/lanza/Desktop/ISDI/Trabajo Final/frontend/src/services/api.repository.ts","statementMap":{"0":{"start":{"line":2,"column":21},"end":{"line":2,"column":32}},"1":{"start":{"line":5,"column":21},"end":{"line":5,"column":37}},"2":{"start":{"line":6,"column":4},"end":{"line":9,"column":null}},"3":{"start":{"line":7,"column":22},"end":{"line":7,"column":73}},"4":{"start":{"line":8,"column":6},"end":{"line":8,"column":31}},"5":{"start":{"line":10,"column":4},"end":{"line":10,"column":27}},"6":{"start":{"line":14,"column":21},"end":{"line":14,"column":59}},"7":{"start":{"line":15,"column":4},"end":{"line":15,"column":41}},"8":{"start":{"line":19,"column":21},"end":{"line":19,"column":63}},"9":{"start":{"line":20,"column":4},"end":{"line":23,"column":null}},"10":{"start":{"line":21,"column":22},"end":{"line":21,"column":73}},"11":{"start":{"line":22,"column":6},"end":{"line":22,"column":31}},"12":{"start":{"line":24,"column":4},"end":{"line":24,"column":27}},"13":{"start":{"line":1,"column":0},"end":{"line":1,"column":13}}},"fnMap":{"0":{"name":"(anonymous_0)","decl":{"start":{"line":2,"column":2},"end":{"line":2,"column":21}},"loc":{"start":{"line":2,"column":32},"end":{"line":2,"column":36}}},"1":{"name":"(anonymous_1)","decl":{"start":{"line":4,"column":2},"end":{"line":4,"column":7}},"loc":{"start":{"line":4,"column":26},"end":{"line":11,"column":3}}},"2":{"name":"(anonymous_2)","decl":{"start":{"line":13,"column":2},"end":{"line":13,"column":7}},"loc":{"start":{"line":13,"column":23},"end":{"line":16,"column":3}}},"3":{"name":"(anonymous_3)","decl":{"start":{"line":18,"column":2},"end":{"line":18,"column":7}},"loc":{"start":{"line":18,"column":34},"end":{"line":25,"column":3}}}},"branchMap":{"0":{"loc":{"start":{"line":6,"column":4},"end":{"line":9,"column":null}},"type":"if","locations":[{"start":{"line":6,"column":4},"end":{"line":9,"column":null}}]},"1":{"loc":{"start":{"line":20,"column":4},"end":{"line":23,"column":null}},"type":"if","locations":[{"start":{"line":20,"column":4},"end":{"line":23,"column":null}}]}},"s":{"0":27,"1":2,"2":2,"3":1,"4":1,"5":1,"6":1,"7":1,"8":2,"9":2,"10":1,"11":1,"12":1,"13":8},"f":{"0":27,"1":2,"2":1,"3":2},"b":{"0":[1],"1":[1]}}
,"/Users/lanza/Desktop/ISDI/Trabajo Final/frontend/src/services/car.repository.ts": {"path":"/Users/lanza/Desktop/ISDI/Trabajo Final/frontend/src/services/car.repository.ts","statementMap":{"0":{"start":{"line":2,"column":0},"end":{"line":2,"column":49}},"1":{"start":{"line":10,"column":4},"end":{"line":10,"column":15}},"2":{"start":{"line":9,"column":21},"end":{"line":9,"column":32}},"3":{"start":{"line":9,"column":41},"end":{"line":9,"column":54}},"4":{"start":{"line":14,"column":21},"end":{"line":14,"column":50}},"5":{"start":{"line":15,"column":4},"end":{"line":18,"column":null}},"6":{"start":{"line":16,"column":22},"end":{"line":16,"column":73}},"7":{"start":{"line":17,"column":6},"end":{"line":17,"column":31}},"8":{"start":{"line":20,"column":17},"end":{"line":20,"column":56}},"9":{"start":{"line":21,"column":4},"end":{"line":21,"column":30}},"10":{"start":{"line":25,"column":21},"end":{"line":31,"column":6}},"11":{"start":{"line":33,"column":4},"end":{"line":33,"column":43}},"12":{"start":{"line":37,"column":21},"end":{"line":44,"column":6}},"13":{"start":{"line":46,"column":4},"end":{"line":46,"column":43}},"14":{"start":{"line":50,"column":16},"end":{"line":50,"column":45}},"15":{"start":{"line":51,"column":21},"end":{"line":56,"column":6}},"16":{"start":{"line":57,"column":4},"end":{"line":58,"column":78}},"17":{"start":{"line":58,"column":6},"end":{"line":58,"column":78}},"18":{"start":{"line":8,"column":0},"end":{"line":8,"column":13}}},"fnMap":{"0":{"name":"(anonymous_0)","decl":{"start":{"line":9,"column":2},"end":{"line":9,"column":21}},"loc":{"start":{"line":9,"column":54},"end":{"line":11,"column":3}}},"1":{"name":"(anonymous_1)","decl":{"start":{"line":13,"column":2},"end":{"line":13,"column":7}},"loc":{"start":{"line":13,"column":13},"end":{"line":22,"column":3}}},"2":{"name":"(anonymous_2)","decl":{"start":{"line":24,"column":2},"end":{"line":24,"column":7}},"loc":{"start":{"line":24,"column":31},"end":{"line":34,"column":3}}},"3":{"name":"(anonymous_3)","decl":{"start":{"line":36,"column":2},"end":{"line":36,"column":7}},"loc":{"start":{"line":36,"column":32},"end":{"line":47,"column":3}}},"4":{"name":"(anonymous_4)","decl":{"start":{"line":49,"column":2},"end":{"line":49,"column":7}},"loc":{"start":{"line":49,"column":32},"end":{"line":59,"column":3}}}},"branchMap":{"0":{"loc":{"start":{"line":15,"column":4},"end":{"line":18,"column":null}},"type":"if","locations":[{"start":{"line":15,"column":4},"end":{"line":18,"column":null}}]},"1":{"loc":{"start":{"line":57,"column":4},"end":{"line":58,"column":78}},"type":"if","locations":[{"start":{"line":57,"column":4},"end":{"line":58,"column":78}}]}},"s":{"0":4,"1":12,"2":12,"3":12,"4":3,"5":2,"6":1,"7":1,"8":1,"9":1,"10":2,"11":1,"12":2,"13":1,"14":3,"15":3,"16":2,"17":1,"18":4},"f":{"0":12,"1":3,"2":2,"3":2,"4":3},"b":{"0":[1],"1":[1]}}
,"/Users/lanza/Desktop/ISDI/Trabajo Final/frontend/src/services/user.repository.ts": {"path":"/Users/lanza/Desktop/ISDI/Trabajo Final/frontend/src/services/user.repository.ts","statementMap":{"0":{"start":{"line":3,"column":0},"end":{"line":3,"column":52}},"1":{"start":{"line":11,"column":4},"end":{"line":11,"column":15}},"2":{"start":{"line":10,"column":21},"end":{"line":10,"column":32}},"3":{"start":{"line":15,"column":21},"end":{"line":15,"column":51}},"4":{"start":{"line":16,"column":4},"end":{"line":19,"column":null}},"5":{"start":{"line":17,"column":22},"end":{"line":17,"column":73}},"6":{"start":{"line":18,"column":6},"end":{"line":18,"column":31}},"7":{"start":{"line":21,"column":17},"end":{"line":21,"column":56}},"8":{"start":{"line":22,"column":4},"end":{"line":22,"column":30}},"9":{"start":{"line":26,"column":21},"end":{"line":26,"column":60}},"10":{"start":{"line":27,"column":4},"end":{"line":30,"column":null}},"11":{"start":{"line":28,"column":22},"end":{"line":28,"column":73}},"12":{"start":{"line":29,"column":6},"end":{"line":29,"column":31}},"13":{"start":{"line":32,"column":17},"end":{"line":32,"column":56}},"14":{"start":{"line":33,"column":4},"end":{"line":33,"column":30}},"15":{"start":{"line":37,"column":21},"end":{"line":40,"column":6}},"16":{"start":{"line":42,"column":4},"end":{"line":42,"column":44}},"17":{"start":{"line":46,"column":21},"end":{"line":50,"column":6}},"18":{"start":{"line":51,"column":19},"end":{"line":51,"column":34}},"19":{"start":{"line":52,"column":4},"end":{"line":52,"column":18}},"20":{"start":{"line":9,"column":0},"end":{"line":9,"column":13}}},"fnMap":{"0":{"name":"(anonymous_0)","decl":{"start":{"line":10,"column":2},"end":{"line":10,"column":21}},"loc":{"start":{"line":10,"column":32},"end":{"line":12,"column":3}}},"1":{"name":"(anonymous_1)","decl":{"start":{"line":14,"column":2},"end":{"line":14,"column":7}},"loc":{"start":{"line":14,"column":13},"end":{"line":23,"column":3}}},"2":{"name":"(anonymous_2)","decl":{"start":{"line":25,"column":2},"end":{"line":25,"column":7}},"loc":{"start":{"line":25,"column":29},"end":{"line":34,"column":3}}},"3":{"name":"(anonymous_3)","decl":{"start":{"line":36,"column":2},"end":{"line":36,"column":7}},"loc":{"start":{"line":36,"column":31},"end":{"line":43,"column":3}}},"4":{"name":"(anonymous_4)","decl":{"start":{"line":45,"column":2},"end":{"line":45,"column":7}},"loc":{"start":{"line":45,"column":33},"end":{"line":53,"column":3}}}},"branchMap":{"0":{"loc":{"start":{"line":16,"column":4},"end":{"line":19,"column":null}},"type":"if","locations":[{"start":{"line":16,"column":4},"end":{"line":19,"column":null}}]},"1":{"loc":{"start":{"line":27,"column":4},"end":{"line":30,"column":null}},"type":"if","locations":[{"start":{"line":27,"column":4},"end":{"line":30,"column":null}}]}},"s":{"0":3,"1":10,"2":10,"3":2,"4":2,"5":1,"6":1,"7":1,"8":1,"9":2,"10":2,"11":1,"12":1,"13":1,"14":1,"15":2,"16":1,"17":2,"18":1,"19":1,"20":3},"f":{"0":10,"1":2,"2":2,"3":2,"4":2},"b":{"0":[1],"1":[1]}}
}
