{"/Users/lanza/Desktop/ISDI/Trabajo Final/frontend/src/components/App.tsx": {"path":"/Users/lanza/Desktop/ISDI/Trabajo Final/frontend/src/components/App.tsx","statementMap":{"0":{"start":{"line":2,"column":0},"end":{"line":2,"column":20}},"1":{"start":{"line":3,"column":0},"end":{"line":3,"column":52}},"2":{"start":{"line":4,"column":0},"end":{"line":4,"column":41}},"3":{"start":{"line":5,"column":0},"end":{"line":5,"column":41}},"4":{"start":{"line":6,"column":0},"end":{"line":6,"column":35}},"5":{"start":{"line":7,"column":0},"end":{"line":7,"column":35}},"6":{"start":{"line":8,"column":0},"end":{"line":8,"column":45}},"7":{"start":{"line":10,"column":0},"end":{"line":10,"column":34}},"8":{"start":{"line":13,"column":35},"end":{"line":13,"column":45}},"9":{"start":{"line":15,"column":28},"end":{"line":25,"column":3}},"10":{"start":{"line":16,"column":21},"end":{"line":16,"column":50}},"11":{"start":{"line":17,"column":4},"end":{"line":17,"column":74}},"12":{"start":{"line":17,"column":19},"end":{"line":17,"column":74}},"13":{"start":{"line":19,"column":4},"end":{"line":19,"column":26}},"14":{"start":{"line":20,"column":18},"end":{"line":20,"column":26}},"15":{"start":{"line":22,"column":36},"end":{"line":22,"column":52}},"16":{"start":{"line":23,"column":4},"end":{"line":23,"column":30}},"17":{"start":{"line":24,"column":4},"end":{"line":24,"column":42}},"18":{"start":{"line":27,"column":2},"end":{"line":29,"column":9}},"19":{"start":{"line":28,"column":4},"end":{"line":28,"column":24}},"20":{"start":{"line":31,"column":35},"end":{"line":35,"column":4}},"21":{"start":{"line":39,"column":2},"end":{"line":47,"column":4}},"22":{"start":{"line":12,"column":0},"end":{"line":12,"column":16}}},"fnMap":{"0":{"name":"App","decl":{"start":{"line":12,"column":16},"end":{"line":12,"column":19}},"loc":{"start":{"line":12,"column":19},"end":{"line":48,"column":1}}},"1":{"name":"(anonymous_2)","decl":{"start":{"line":15,"column":28},"end":{"line":15,"column":31}},"loc":{"start":{"line":15,"column":33},"end":{"line":25,"column":3}}},"2":{"name":"(anonymous_3)","decl":{"start":{"line":27,"column":12},"end":{"line":27,"column":15}},"loc":{"start":{"line":27,"column":17},"end":{"line":29,"column":3}}}},"branchMap":{"0":{"loc":{"start":{"line":17,"column":4},"end":{"line":17,"column":74}},"type":"if","locations":[{"start":{"line":17,"column":4},"end":{"line":17,"column":74}}]}},"s":{"0":0,"1":0,"2":0,"3":0,"4":0,"5":0,"6":0,"7":0,"8":0,"9":0,"10":0,"11":0,"12":0,"13":0,"14":0,"15":0,"16":0,"17":0,"18":0,"19":0,"20":0,"21":0,"22":0},"f":{"0":0,"1":0,"2":0},"b":{"0":[0]}}
,"/Users/lanza/Desktop/ISDI/Trabajo Final/frontend/src/components/app.routes/app.routes.tsx": {"path":"/Users/lanza/Desktop/ISDI/Trabajo Final/frontend/src/components/app.routes/app.routes.tsx","statementMap":{"0":{"start":{"line":1,"column":0},"end":{"line":1,"column":39}},"1":{"start":{"line":2,"column":0},"end":{"line":2,"column":49}},"2":{"start":{"line":3,"column":0},"end":{"line":3,"column":45}},"3":{"start":{"line":4,"column":0},"end":{"line":4,"column":53}},"4":{"start":{"line":5,"column":0},"end":{"line":5,"column":49}},"5":{"start":{"line":7,"column":13},"end":{"line":7,"column":47}},"6":{"start":{"line":7,"column":23},"end":{"line":7,"column":46}},"7":{"start":{"line":8,"column":14},"end":{"line":8,"column":50}},"8":{"start":{"line":8,"column":24},"end":{"line":8,"column":49}},"9":{"start":{"line":9,"column":17},"end":{"line":9,"column":59}},"10":{"start":{"line":9,"column":27},"end":{"line":9,"column":58}},"11":{"start":{"line":10,"column":18},"end":{"line":10,"column":62}},"12":{"start":{"line":10,"column":28},"end":{"line":10,"column":61}},"13":{"start":{"line":11,"column":15},"end":{"line":11,"column":53}},"14":{"start":{"line":11,"column":25},"end":{"line":11,"column":52}},"15":{"start":{"line":13,"column":2},"end":{"line":32,"column":4}},"16":{"start":{"line":12,"column":0},"end":{"line":12,"column":16}}},"fnMap":{"0":{"name":"(anonymous_7)","decl":{"start":{"line":7,"column":18},"end":{"line":7,"column":21}},"loc":{"start":{"line":7,"column":23},"end":{"line":7,"column":46}}},"1":{"name":"(anonymous_8)","decl":{"start":{"line":7,"column":23},"end":{"line":7,"column":31}},"loc":{"start":{"line":7,"column":23},"end":{"line":7,"column":46}}},"2":{"name":"(anonymous_9)","decl":{"start":{"line":8,"column":19},"end":{"line":8,"column":22}},"loc":{"start":{"line":8,"column":24},"end":{"line":8,"column":49}}},"3":{"name":"(anonymous_10)","decl":{"start":{"line":8,"column":24},"end":{"line":8,"column":32}},"loc":{"start":{"line":8,"column":24},"end":{"line":8,"column":49}}},"4":{"name":"(anonymous_11)","decl":{"start":{"line":9,"column":22},"end":{"line":9,"column":25}},"loc":{"start":{"line":9,"column":27},"end":{"line":9,"column":58}}},"5":{"name":"(anonymous_12)","decl":{"start":{"line":9,"column":27},"end":{"line":9,"column":35}},"loc":{"start":{"line":9,"column":27},"end":{"line":9,"column":58}}},"6":{"name":"(anonymous_13)","decl":{"start":{"line":10,"column":23},"end":{"line":10,"column":26}},"loc":{"start":{"line":10,"column":28},"end":{"line":10,"column":61}}},"7":{"name":"(anonymous_14)","decl":{"start":{"line":10,"column":28},"end":{"line":10,"column":36}},"loc":{"start":{"line":10,"column":28},"end":{"line":10,"column":61}}},"8":{"name":"(anonymous_15)","decl":{"start":{"line":11,"column":20},"end":{"line":11,"column":23}},"loc":{"start":{"line":11,"column":25},"end":{"line":11,"column":52}}},"9":{"name":"(anonymous_16)","decl":{"start":{"line":11,"column":25},"end":{"line":11,"column":33}},"loc":{"start":{"line":11,"column":25},"end":{"line":11,"column":52}}},"10":{"name":"AppRoutes","decl":{"start":{"line":12,"column":16},"end":{"line":12,"column":25}},"loc":{"start":{"line":12,"column":25},"end":{"line":33,"column":1}}}},"branchMap":{},"s":{"0":1,"1":1,"2":1,"3":1,"4":1,"5":1,"6":2,"7":1,"8":0,"9":1,"10":2,"11":1,"12":0,"13":1,"14":0,"15":2,"16":1},"f":{"0":1,"1":1,"2":0,"3":0,"4":1,"5":1,"6":0,"7":0,"8":0,"9":0,"10":2},"b":{}}
,"/Users/lanza/Desktop/ISDI/Trabajo Final/frontend/src/components/card/card.tsx": {"path":"/Users/lanza/Desktop/ISDI/Trabajo Final/frontend/src/components/card/card.tsx","statementMap":{"0":{"start":{"line":1,"column":0},"end":{"line":1,"column":47}},"1":{"start":{"line":8,"column":19},"end":{"line":8,"column":32}},"2":{"start":{"line":10,"column":22},"end":{"line":12,"column":3}},"3":{"start":{"line":11,"column":4},"end":{"line":11,"column":40}},"4":{"start":{"line":13,"column":2},"end":{"line":30,"column":4}},"5":{"start":{"line":7,"column":0},"end":{"line":7,"column":16}}},"fnMap":{"0":{"name":"Card","decl":{"start":{"line":7,"column":16},"end":{"line":7,"column":20}},"loc":{"start":{"line":7,"column":40},"end":{"line":31,"column":1}}},"1":{"name":"(anonymous_1)","decl":{"start":{"line":10,"column":22},"end":{"line":10,"column":25}},"loc":{"start":{"line":10,"column":27},"end":{"line":12,"column":3}}}},"branchMap":{},"s":{"0":1,"1":0,"2":0,"3":0,"4":0,"5":1},"f":{"0":0,"1":0},"b":{}}
,"/Users/lanza/Desktop/ISDI/Trabajo Final/frontend/src/components/carlist/carlist.tsx": {"path":"/Users/lanza/Desktop/ISDI/Trabajo Final/frontend/src/components/carlist/carlist.tsx","statementMap":{"0":{"start":{"line":1,"column":0},"end":{"line":1,"column":44}},"1":{"start":{"line":2,"column":0},"end":{"line":2,"column":42}},"2":{"start":{"line":5,"column":0},"end":{"line":5,"column":24}},"3":{"start":{"line":6,"column":0},"end":{"line":6,"column":57}},"4":{"start":{"line":7,"column":0},"end":{"line":7,"column":48}},"5":{"start":{"line":10,"column":30},"end":{"line":10,"column":40}},"6":{"start":{"line":11,"column":23},"end":{"line":11,"column":69}},"7":{"start":{"line":11,"column":57},"end":{"line":11,"column":68}},"8":{"start":{"line":12,"column":23},"end":{"line":12,"column":69}},"9":{"start":{"line":12,"column":57},"end":{"line":12,"column":68}},"10":{"start":{"line":13,"column":26},"end":{"line":13,"column":45}},"11":{"start":{"line":15,"column":25},"end":{"line":20,"column":3}},"12":{"start":{"line":16,"column":4},"end":{"line":16,"column":28}},"13":{"start":{"line":17,"column":24},"end":{"line":17,"column":72}},"14":{"start":{"line":17,"column":48},"end":{"line":17,"column":71}},"15":{"start":{"line":18,"column":4},"end":{"line":18,"column":46}},"16":{"start":{"line":19,"column":4},"end":{"line":19,"column":23}},"17":{"start":{"line":22,"column":28},"end":{"line":27,"column":3}},"18":{"start":{"line":23,"column":25},"end":{"line":23,"column":47}},"19":{"start":{"line":24,"column":4},"end":{"line":26,"column":null}},"20":{"start":{"line":25,"column":6},"end":{"line":25,"column":33}},"21":{"start":{"line":29,"column":2},"end":{"line":31,"column":9}},"22":{"start":{"line":30,"column":4},"end":{"line":30,"column":24}},"23":{"start":{"line":33,"column":2},"end":{"line":39,"column":4}},"24":{"start":{"line":36,"column":8},"end":{"line":36,"column":61}},"25":{"start":{"line":9,"column":0},"end":{"line":9,"column":16}}},"fnMap":{"0":{"name":"CarList","decl":{"start":{"line":9,"column":16},"end":{"line":9,"column":23}},"loc":{"start":{"line":9,"column":23},"end":{"line":40,"column":1}}},"1":{"name":"(anonymous_1)","decl":{"start":{"line":11,"column":35},"end":{"line":11,"column":36}},"loc":{"start":{"line":11,"column":57},"end":{"line":11,"column":68}}},"2":{"name":"(anonymous_2)","decl":{"start":{"line":12,"column":35},"end":{"line":12,"column":36}},"loc":{"start":{"line":12,"column":57},"end":{"line":12,"column":68}}},"3":{"name":"(anonymous_3)","decl":{"start":{"line":15,"column":25},"end":{"line":15,"column":30}},"loc":{"start":{"line":15,"column":36},"end":{"line":20,"column":3}}},"4":{"name":"(anonymous_4)","decl":{"start":{"line":17,"column":38},"end":{"line":17,"column":39}},"loc":{"start":{"line":17,"column":48},"end":{"line":17,"column":71}}},"5":{"name":"(anonymous_5)","decl":{"start":{"line":22,"column":28},"end":{"line":22,"column":33}},"loc":{"start":{"line":22,"column":39},"end":{"line":27,"column":3}}},"6":{"name":"(anonymous_6)","decl":{"start":{"line":29,"column":12},"end":{"line":29,"column":15}},"loc":{"start":{"line":29,"column":17},"end":{"line":31,"column":3}}},"7":{"name":"(anonymous_7)","decl":{"start":{"line":35,"column":16},"end":{"line":35,"column":17}},"loc":{"start":{"line":36,"column":8},"end":{"line":36,"column":61}}}},"branchMap":{"0":{"loc":{"start":{"line":24,"column":4},"end":{"line":26,"column":null}},"type":"if","locations":[{"start":{"line":24,"column":4},"end":{"line":26,"column":null}}]}},"s":{"0":0,"1":0,"2":0,"3":0,"4":0,"5":0,"6":0,"7":0,"8":0,"9":0,"10":0,"11":0,"12":0,"13":0,"14":0,"15":0,"16":0,"17":0,"18":0,"19":0,"20":0,"21":0,"22":0,"23":0,"24":0,"25":0},"f":{"0":0,"1":0,"2":0,"3":0,"4":0,"5":0,"6":0,"7":0},"b":{"0":[0]}}
,"/Users/lanza/Desktop/ISDI/Trabajo Final/frontend/src/components/carlistCard/carlistcard.tsx": {"path":"/Users/lanza/Desktop/ISDI/Trabajo Final/frontend/src/components/carlistCard/carlistcard.tsx","statementMap":{"0":{"start":{"line":1,"column":0},"end":{"line":1,"column":40}},"1":{"start":{"line":3,"column":0},"end":{"line":3,"column":28}},"2":{"start":{"line":4,"column":0},"end":{"line":4,"column":47}},"3":{"start":{"line":5,"column":0},"end":{"line":5,"column":42}},"4":{"start":{"line":6,"column":0},"end":{"line":6,"column":42}},"5":{"start":{"line":12,"column":30},"end":{"line":12,"column":39}},"6":{"start":{"line":14,"column":23},"end":{"line":17,"column":3}},"7":{"start":{"line":15,"column":4},"end":{"line":15,"column":29}},"8":{"start":{"line":16,"column":4},"end":{"line":16,"column":29}},"9":{"start":{"line":19,"column":2},"end":{"line":56,"column":4}},"10":{"start":{"line":11,"column":0},"end":{"line":11,"column":16}}},"fnMap":{"0":{"name":"CarlistCard","decl":{"start":{"line":11,"column":16},"end":{"line":11,"column":27}},"loc":{"start":{"line":11,"column":47},"end":{"line":57,"column":1}}},"1":{"name":"(anonymous_1)","decl":{"start":{"line":14,"column":23},"end":{"line":14,"column":26}},"loc":{"start":{"line":14,"column":28},"end":{"line":17,"column":3}}}},"branchMap":{},"s":{"0":0,"1":0,"2":0,"3":0,"4":0,"5":0,"6":0,"7":0,"8":0,"9":0,"10":0},"f":{"0":0,"1":0},"b":{}}
,"/Users/lanza/Desktop/ISDI/Trabajo Final/frontend/src/components/editcar/editcar.tsx": {"path":"/Users/lanza/Desktop/ISDI/Trabajo Final/frontend/src/components/editcar/editcar.tsx","statementMap":{"0":{"start":{"line":2,"column":0},"end":{"line":2,"column":47}},"1":{"start":{"line":4,"column":0},"end":{"line":4,"column":24}},"2":{"start":{"line":5,"column":0},"end":{"line":5,"column":58}},"3":{"start":{"line":7,"column":0},"end":{"line":7,"column":42}},"4":{"start":{"line":10,"column":17},"end":{"line":10,"column":28}},"5":{"start":{"line":11,"column":19},"end":{"line":11,"column":32}},"6":{"start":{"line":12,"column":23},"end":{"line":12,"column":69}},"7":{"start":{"line":12,"column":57},"end":{"line":12,"column":68}},"8":{"start":{"line":13,"column":28},"end":{"line":13,"column":37}},"9":{"start":{"line":15,"column":19},"end":{"line":15,"column":76}},"10":{"start":{"line":15,"column":54},"end":{"line":15,"column":68}},"11":{"start":{"line":16,"column":2},"end":{"line":16,"column":29}},"12":{"start":{"line":17,"column":2},"end":{"line":17,"column":38}},"13":{"start":{"line":19,"column":25},"end":{"line":43,"column":3}},"14":{"start":{"line":20,"column":4},"end":{"line":20,"column":27}},"15":{"start":{"line":23,"column":6},"end":{"line":23,"column":37}},"16":{"start":{"line":25,"column":31},"end":{"line":39,"column":6}},"17":{"start":{"line":41,"column":4},"end":{"line":41,"column":30}},"18":{"start":{"line":42,"column":4},"end":{"line":42,"column":24}},"19":{"start":{"line":45,"column":2},"end":{"line":58,"column":4}},"20":{"start":{"line":9,"column":0},"end":{"line":9,"column":16}}},"fnMap":{"0":{"name":"EditCarForm","decl":{"start":{"line":9,"column":16},"end":{"line":9,"column":27}},"loc":{"start":{"line":9,"column":27},"end":{"line":59,"column":1}}},"1":{"name":"(anonymous_1)","decl":{"start":{"line":12,"column":35},"end":{"line":12,"column":36}},"loc":{"start":{"line":12,"column":57},"end":{"line":12,"column":68}}},"2":{"name":"(anonymous_2)","decl":{"start":{"line":15,"column":39},"end":{"line":15,"column":40}},"loc":{"start":{"line":15,"column":54},"end":{"line":15,"column":68}}},"3":{"name":"(anonymous_3)","decl":{"start":{"line":19,"column":25},"end":{"line":19,"column":30}},"loc":{"start":{"line":19,"column":57},"end":{"line":43,"column":3}}}},"branchMap":{},"s":{"0":1,"1":1,"2":1,"3":1,"4":0,"5":0,"6":0,"7":0,"8":0,"9":0,"10":0,"11":0,"12":0,"13":0,"14":0,"15":0,"16":0,"17":0,"18":0,"19":0,"20":1},"f":{"0":0,"1":0,"2":0,"3":0},"b":{}}
,"/Users/lanza/Desktop/ISDI/Trabajo Final/frontend/src/components/errorPage/errorPage.tsx": {"path":"/Users/lanza/Desktop/ISDI/Trabajo Final/frontend/src/components/errorPage/errorPage.tsx","statementMap":{"0":{"start":{"line":1,"column":0},"end":{"line":1,"column":26}},"1":{"start":{"line":4,"column":2},"end":{"line":10,"column":4}},"2":{"start":{"line":3,"column":0},"end":{"line":3,"column":24}}},"fnMap":{"0":{"name":"ErrorPage","decl":{"start":{"line":3,"column":24},"end":{"line":3,"column":33}},"loc":{"start":{"line":3,"column":33},"end":{"line":11,"column":1}}}},"branchMap":{},"s":{"0":0,"1":0,"2":0},"f":{"0":0},"b":{}}
,"/Users/lanza/Desktop/ISDI/Trabajo Final/frontend/src/components/filter/filter.tsx": {"path":"/Users/lanza/Desktop/ISDI/Trabajo Final/frontend/src/components/filter/filter.tsx","statementMap":{"0":{"start":{"line":2,"column":0},"end":{"line":2,"column":42}},"1":{"start":{"line":3,"column":0},"end":{"line":3,"column":48}},"2":{"start":{"line":6,"column":32},"end":{"line":6,"column":42}},"3":{"start":{"line":7,"column":23},"end":{"line":13,"column":3}},"4":{"start":{"line":8,"column":20},"end":{"line":8,"column":53}},"5":{"start":{"line":9,"column":4},"end":{"line":12,"column":null}},"6":{"start":{"line":10,"column":21},"end":{"line":10,"column":49}},"7":{"start":{"line":11,"column":6},"end":{"line":11,"column":39}},"8":{"start":{"line":15,"column":2},"end":{"line":37,"column":4}},"9":{"start":{"line":5,"column":0},"end":{"line":5,"column":16}}},"fnMap":{"0":{"name":"Filter","decl":{"start":{"line":5,"column":16},"end":{"line":5,"column":22}},"loc":{"start":{"line":5,"column":22},"end":{"line":38,"column":1}}},"1":{"name":"(anonymous_2)","decl":{"start":{"line":7,"column":23},"end":{"line":7,"column":24}},"loc":{"start":{"line":7,"column":49},"end":{"line":13,"column":3}}}},"branchMap":{"0":{"loc":{"start":{"line":9,"column":4},"end":{"line":12,"column":null}},"type":"if","locations":[{"start":{"line":9,"column":4},"end":{"line":12,"column":null}}]}},"s":{"0":1,"1":1,"2":1,"3":1,"4":0,"5":0,"6":0,"7":0,"8":1,"9":1},"f":{"0":1,"1":0},"b":{"0":[0]}}
,"/Users/lanza/Desktop/ISDI/Trabajo Final/frontend/src/components/footer/footer.tsx": {"path":"/Users/lanza/Desktop/ISDI/Trabajo Final/frontend/src/components/footer/footer.tsx","statementMap":{"0":{"start":{"line":1,"column":0},"end":{"line":1,"column":42}},"1":{"start":{"line":3,"column":2},"end":{"line":9,"column":4}},"2":{"start":{"line":2,"column":0},"end":{"line":2,"column":16}}},"fnMap":{"0":{"name":"Footer","decl":{"start":{"line":2,"column":16},"end":{"line":2,"column":22}},"loc":{"start":{"line":2,"column":22},"end":{"line":10,"column":1}}}},"branchMap":{},"s":{"0":0,"1":0,"2":0},"f":{"0":0},"b":{}}
,"/Users/lanza/Desktop/ISDI/Trabajo Final/frontend/src/components/garage/garage.tsx": {"path":"/Users/lanza/Desktop/ISDI/Trabajo Final/frontend/src/components/garage/garage.tsx","statementMap":{"0":{"start":{"line":1,"column":0},"end":{"line":1,"column":41}},"1":{"start":{"line":2,"column":0},"end":{"line":2,"column":45}},"2":{"start":{"line":3,"column":0},"end":{"line":3,"column":23}},"3":{"start":{"line":6,"column":21},"end":{"line":9,"column":3}},"4":{"start":{"line":7,"column":17},"end":{"line":7,"column":53}},"5":{"start":{"line":8,"column":4},"end":{"line":8,"column":36}},"6":{"start":{"line":11,"column":2},"end":{"line":21,"column":4}},"7":{"start":{"line":5,"column":0},"end":{"line":5,"column":24}}},"fnMap":{"0":{"name":"Garage","decl":{"start":{"line":5,"column":24},"end":{"line":5,"column":30}},"loc":{"start":{"line":5,"column":30},"end":{"line":22,"column":1}}},"1":{"name":"(anonymous_2)","decl":{"start":{"line":6,"column":21},"end":{"line":6,"column":24}},"loc":{"start":{"line":6,"column":26},"end":{"line":9,"column":3}}}},"branchMap":{},"s":{"0":0,"1":0,"2":0,"3":0,"4":0,"5":0,"6":0,"7":0},"f":{"0":0,"1":0},"b":{}}
,"/Users/lanza/Desktop/ISDI/Trabajo Final/frontend/src/components/header/header.tsx": {"path":"/Users/lanza/Desktop/ISDI/Trabajo Final/frontend/src/components/header/header.tsx","statementMap":{"0":{"start":{"line":1,"column":0},"end":{"line":1,"column":42}},"1":{"start":{"line":2,"column":0},"end":{"line":2,"column":47}},"2":{"start":{"line":3,"column":0},"end":{"line":3,"column":41}},"3":{"start":{"line":5,"column":0},"end":{"line":5,"column":23}},"4":{"start":{"line":6,"column":0},"end":{"line":6,"column":31}},"5":{"start":{"line":10,"column":19},"end":{"line":10,"column":32}},"6":{"start":{"line":11,"column":30},"end":{"line":11,"column":76}},"7":{"start":{"line":11,"column":64},"end":{"line":11,"column":75}},"8":{"start":{"line":13,"column":21},"end":{"line":20,"column":3}},"9":{"start":{"line":14,"column":4},"end":{"line":19,"column":null}},"10":{"start":{"line":15,"column":6},"end":{"line":15,"column":18}},"11":{"start":{"line":16,"column":6},"end":{"line":16,"column":31}},"12":{"start":{"line":18,"column":6},"end":{"line":18,"column":24}},"13":{"start":{"line":22,"column":25},"end":{"line":24,"column":3}},"14":{"start":{"line":23,"column":4},"end":{"line":23,"column":25}},"15":{"start":{"line":26,"column":20},"end":{"line":31,"column":3}},"16":{"start":{"line":27,"column":4},"end":{"line":27,"column":68}},"17":{"start":{"line":29,"column":4},"end":{"line":29,"column":39}},"18":{"start":{"line":30,"column":4},"end":{"line":30,"column":18}},"19":{"start":{"line":33,"column":2},"end":{"line":72,"column":4}},"20":{"start":{"line":9,"column":0},"end":{"line":9,"column":16}}},"fnMap":{"0":{"name":"Header","decl":{"start":{"line":9,"column":16},"end":{"line":9,"column":22}},"loc":{"start":{"line":9,"column":62},"end":{"line":73,"column":1}}},"1":{"name":"(anonymous_2)","decl":{"start":{"line":11,"column":42},"end":{"line":11,"column":43}},"loc":{"start":{"line":11,"column":64},"end":{"line":11,"column":75}}},"2":{"name":"(anonymous_3)","decl":{"start":{"line":13,"column":21},"end":{"line":13,"column":24}},"loc":{"start":{"line":13,"column":26},"end":{"line":20,"column":3}}},"3":{"name":"(anonymous_4)","decl":{"start":{"line":22,"column":25},"end":{"line":22,"column":28}},"loc":{"start":{"line":22,"column":30},"end":{"line":24,"column":3}}},"4":{"name":"(anonymous_5)","decl":{"start":{"line":26,"column":20},"end":{"line":26,"column":23}},"loc":{"start":{"line":26,"column":25},"end":{"line":31,"column":3}}}},"branchMap":{"0":{"loc":{"start":{"line":14,"column":4},"end":{"line":19,"column":null}},"type":"if","locations":[{"start":{"line":14,"column":4},"end":{"line":19,"column":null}},{"start":{"line":17,"column":11},"end":{"line":19,"column":null}}]},"1":{"loc":{"start":{"line":40,"column":11},"end":{"line":66,"column":null}},"type":"cond-expr","locations":[{"start":{"line":41,"column":12},"end":{"line":54,"column":null}},{"start":{"line":57,"column":12},"end":{"line":65,"column":null}}]}},"s":{"0":0,"1":0,"2":0,"3":0,"4":0,"5":0,"6":0,"7":0,"8":0,"9":0,"10":0,"11":0,"12":0,"13":0,"14":0,"15":0,"16":0,"17":0,"18":0,"19":0,"20":0},"f":{"0":0,"1":0,"2":0,"3":0,"4":0},"b":{"0":[0,0],"1":[0,0]}}
,"/Users/lanza/Desktop/ISDI/Trabajo Final/frontend/src/components/home/home.tsx": {"path":"/Users/lanza/Desktop/ISDI/Trabajo Final/frontend/src/components/home/home.tsx","statementMap":{"0":{"start":{"line":1,"column":0},"end":{"line":1,"column":34}},"1":{"start":{"line":2,"column":0},"end":{"line":2,"column":48}},"2":{"start":{"line":3,"column":0},"end":{"line":3,"column":21}},"3":{"start":{"line":4,"column":0},"end":{"line":4,"column":42}},"4":{"start":{"line":7,"column":0},"end":{"line":7,"column":36}},"5":{"start":{"line":8,"column":0},"end":{"line":8,"column":42}},"6":{"start":{"line":11,"column":30},"end":{"line":11,"column":40}},"7":{"start":{"line":12,"column":23},"end":{"line":12,"column":69}},"8":{"start":{"line":12,"column":57},"end":{"line":12,"column":68}},"9":{"start":{"line":14,"column":22},"end":{"line":16,"column":3}},"10":{"start":{"line":15,"column":4},"end":{"line":15,"column":28}},"11":{"start":{"line":18,"column":2},"end":{"line":18,"column":24}},"12":{"start":{"line":20,"column":2},"end":{"line":22,"column":9}},"13":{"start":{"line":21,"column":4},"end":{"line":21,"column":18}},"14":{"start":{"line":24,"column":24},"end":{"line":30,"column":3}},"15":{"start":{"line":25,"column":4},"end":{"line":29,"column":null}},"16":{"start":{"line":26,"column":6},"end":{"line":26,"column":19}},"17":{"start":{"line":28,"column":6},"end":{"line":28,"column":18}},"18":{"start":{"line":32,"column":2},"end":{"line":51,"column":4}},"19":{"start":{"line":44,"column":39},"end":{"line":44,"column":78}},"20":{"start":{"line":10,"column":0},"end":{"line":10,"column":24}}},"fnMap":{"0":{"name":"Home","decl":{"start":{"line":10,"column":24},"end":{"line":10,"column":28}},"loc":{"start":{"line":10,"column":28},"end":{"line":52,"column":1}}},"1":{"name":"(anonymous_1)","decl":{"start":{"line":12,"column":35},"end":{"line":12,"column":36}},"loc":{"start":{"line":12,"column":57},"end":{"line":12,"column":68}}},"2":{"name":"(anonymous_2)","decl":{"start":{"line":14,"column":22},"end":{"line":14,"column":27}},"loc":{"start":{"line":14,"column":33},"end":{"line":16,"column":3}}},"3":{"name":"(anonymous_3)","decl":{"start":{"line":20,"column":12},"end":{"line":20,"column":15}},"loc":{"start":{"line":20,"column":17},"end":{"line":22,"column":3}}},"4":{"name":"(anonymous_4)","decl":{"start":{"line":24,"column":24},"end":{"line":24,"column":27}},"loc":{"start":{"line":24,"column":29},"end":{"line":30,"column":3}}},"5":{"name":"(anonymous_5)","decl":{"start":{"line":44,"column":23},"end":{"line":44,"column":24}},"loc":{"start":{"line":44,"column":39},"end":{"line":44,"column":78}}}},"branchMap":{"0":{"loc":{"start":{"line":25,"column":4},"end":{"line":29,"column":null}},"type":"if","locations":[{"start":{"line":25,"column":4},"end":{"line":29,"column":null}},{"start":{"line":27,"column":11},"end":{"line":29,"column":null}}]},"1":{"loc":{"start":{"line":43,"column":9},"end":{"line":46,"column":null}},"type":"cond-expr","locations":[{"start":{"line":44,"column":10},"end":{"line":44,"column":79}},{"start":{"line":46,"column":10},"end":{"line":46,"column":63}}]}},"s":{"0":1,"1":1,"2":1,"3":1,"4":1,"5":1,"6":1,"7":1,"8":2,"9":1,"10":1,"11":1,"12":1,"13":1,"14":1,"15":1,"16":1,"17":0,"18":1,"19":0,"20":1},"f":{"0":1,"1":2,"2":1,"3":1,"4":1,"5":0},"b":{"0":[1,0],"1":[0,1]}}
,"/Users/lanza/Desktop/ISDI/Trabajo Final/frontend/src/components/menu/menu.tsx": {"path":"/Users/lanza/Desktop/ISDI/Trabajo Final/frontend/src/components/menu/menu.tsx","statementMap":{"0":{"start":{"line":1,"column":0},"end":{"line":1,"column":42}},"1":{"start":{"line":3,"column":0},"end":{"line":3,"column":53}},"2":{"start":{"line":6,"column":0},"end":{"line":6,"column":21}},"3":{"start":{"line":13,"column":19},"end":{"line":13,"column":32}},"4":{"start":{"line":15,"column":20},"end":{"line":15,"column":66}},"5":{"start":{"line":15,"column":54},"end":{"line":15,"column":65}},"6":{"start":{"line":17,"column":2},"end":{"line":35,"column":4}},"7":{"start":{"line":22,"column":12},"end":{"line":30,"column":null}},"8":{"start":{"line":12,"column":0},"end":{"line":12,"column":16}}},"fnMap":{"0":{"name":"Menu","decl":{"start":{"line":12,"column":16},"end":{"line":12,"column":20}},"loc":{"start":{"line":12,"column":43},"end":{"line":36,"column":1}}},"1":{"name":"(anonymous_1)","decl":{"start":{"line":15,"column":32},"end":{"line":15,"column":33}},"loc":{"start":{"line":15,"column":54},"end":{"line":15,"column":65}}},"2":{"name":"(anonymous_2)","decl":{"start":{"line":21,"column":10},"end":{"line":21,"column":11}},"loc":{"start":{"line":22,"column":12},"end":{"line":30,"column":null}}}},"branchMap":{"0":{"loc":{"start":{"line":22,"column":12},"end":{"line":30,"column":null}},"type":"binary-expr","locations":[{"start":{"line":22,"column":13},"end":{"line":22,"column":28}},{"start":{"line":22,"column":32},"end":{"line":22,"column":37}},{"start":{"line":23,"column":14},"end":{"line":23,"column":null}}]},"1":{"loc":{"start":{"line":26,"column":29},"end":{"line":26,"column":75}},"type":"cond-expr","locations":[{"start":{"line":26,"column":62},"end":{"line":26,"column":70}},{"start":{"line":26,"column":73},"end":{"line":26,"column":75}}]}},"s":{"0":0,"1":0,"2":0,"3":0,"4":0,"5":0,"6":0,"7":0,"8":0},"f":{"0":0,"1":0,"2":0},"b":{"0":[0,0,0],"1":[0,0]}}
,"/Users/lanza/Desktop/ISDI/Trabajo Final/frontend/src/components/profile/profile.tsx": {"path":"/Users/lanza/Desktop/ISDI/Trabajo Final/frontend/src/components/profile/profile.tsx","statementMap":{"0":{"start":{"line":1,"column":0},"end":{"line":1,"column":42}},"1":{"start":{"line":3,"column":0},"end":{"line":3,"column":44}},"2":{"start":{"line":4,"column":0},"end":{"line":4,"column":47}},"3":{"start":{"line":5,"column":0},"end":{"line":5,"column":48}},"4":{"start":{"line":6,"column":0},"end":{"line":6,"column":24}},"5":{"start":{"line":9,"column":23},"end":{"line":9,"column":69}},"6":{"start":{"line":9,"column":57},"end":{"line":9,"column":68}},"7":{"start":{"line":11,"column":2},"end":{"line":36,"column":4}},"8":{"start":{"line":8,"column":0},"end":{"line":8,"column":16}}},"fnMap":{"0":{"name":"Profile","decl":{"start":{"line":8,"column":16},"end":{"line":8,"column":23}},"loc":{"start":{"line":8,"column":23},"end":{"line":37,"column":1}}},"1":{"name":"(anonymous_1)","decl":{"start":{"line":9,"column":35},"end":{"line":9,"column":36}},"loc":{"start":{"line":9,"column":57},"end":{"line":9,"column":68}}}},"branchMap":{},"s":{"0":1,"1":1,"2":1,"3":1,"4":1,"5":0,"6":0,"7":0,"8":1},"f":{"0":0,"1":0},"b":{}}
,"/Users/lanza/Desktop/ISDI/Trabajo Final/frontend/src/components/register/register.tsx": {"path":"/Users/lanza/Desktop/ISDI/Trabajo Final/frontend/src/components/register/register.tsx","statementMap":{"0":{"start":{"line":2,"column":0},"end":{"line":2,"column":25}},"1":{"start":{"line":3,"column":0},"end":{"line":3,"column":35}},"2":{"start":{"line":4,"column":0},"end":{"line":4,"column":31}},"3":{"start":{"line":5,"column":0},"end":{"line":5,"column":47}},"4":{"start":{"line":8,"column":19},"end":{"line":8,"column":32}},"5":{"start":{"line":10,"column":25},"end":{"line":43,"column":3}},"6":{"start":{"line":11,"column":4},"end":{"line":11,"column":27}},"7":{"start":{"line":13,"column":6},"end":{"line":13,"column":37}},"8":{"start":{"line":15,"column":17},"end":{"line":15,"column":50}},"9":{"start":{"line":17,"column":24},"end":{"line":17,"column":45}},"10":{"start":{"line":18,"column":21},"end":{"line":22,"column":6}},"11":{"start":{"line":23,"column":4},"end":{"line":23,"column":31}},"12":{"start":{"line":24,"column":18},"end":{"line":24,"column":39}},"13":{"start":{"line":26,"column":4},"end":{"line":36,"column":null}},"14":{"start":{"line":27,"column":6},"end":{"line":30,"column":9}},"15":{"start":{"line":32,"column":6},"end":{"line":35,"column":9}},"16":{"start":{"line":38,"column":4},"end":{"line":38,"column":23}},"17":{"start":{"line":40,"column":4},"end":{"line":40,"column":32}},"18":{"start":{"line":41,"column":4},"end":{"line":41,"column":22}},"19":{"start":{"line":42,"column":4},"end":{"line":42,"column":23}},"20":{"start":{"line":45,"column":2},"end":{"line":90,"column":4}},"21":{"start":{"line":7,"column":0},"end":{"line":7,"column":24}}},"fnMap":{"0":{"name":"Register","decl":{"start":{"line":7,"column":24},"end":{"line":7,"column":32}},"loc":{"start":{"line":7,"column":32},"end":{"line":91,"column":1}}},"1":{"name":"(anonymous_2)","decl":{"start":{"line":10,"column":25},"end":{"line":10,"column":30}},"loc":{"start":{"line":10,"column":57},"end":{"line":43,"column":3}}}},"branchMap":{"0":{"loc":{"start":{"line":26,"column":4},"end":{"line":36,"column":null}},"type":"if","locations":[{"start":{"line":26,"column":4},"end":{"line":36,"column":null}},{"start":{"line":31,"column":11},"end":{"line":36,"column":null}}]}},"s":{"0":0,"1":0,"2":0,"3":0,"4":0,"5":0,"6":0,"7":0,"8":0,"9":0,"10":0,"11":0,"12":0,"13":0,"14":0,"15":0,"16":0,"17":0,"18":0,"19":0,"20":0,"21":0},"f":{"0":0,"1":0},"b":{"0":[0,0]}}
,"/Users/lanza/Desktop/ISDI/Trabajo Final/frontend/src/components/userDetails/userdetails.tsx": {"path":"/Users/lanza/Desktop/ISDI/Trabajo Final/frontend/src/components/userDetails/userdetails.tsx","statementMap":{"0":{"start":{"line":1,"column":0},"end":{"line":1,"column":45}},"1":{"start":{"line":2,"column":0},"end":{"line":2,"column":28}},"2":{"start":{"line":4,"column":0},"end":{"line":4,"column":42}},"3":{"start":{"line":9,"column":17},"end":{"line":9,"column":28}},"4":{"start":{"line":10,"column":23},"end":{"line":10,"column":69}},"5":{"start":{"line":10,"column":57},"end":{"line":10,"column":68}},"6":{"start":{"line":12,"column":21},"end":{"line":12,"column":74}},"7":{"start":{"line":12,"column":51},"end":{"line":12,"column":65}},"8":{"start":{"line":14,"column":23},"end":{"line":18,"column":3}},"9":{"start":{"line":15,"column":4},"end":{"line":17,"column":null}},"10":{"start":{"line":16,"column":6},"end":{"line":16,"column":18}},"11":{"start":{"line":20,"column":2},"end":{"line":20,"column":20}},"12":{"start":{"line":22,"column":2},"end":{"line":63,"column":4}},"13":{"start":{"line":43,"column":14},"end":{"line":43,"column":null}},"14":{"start":{"line":8,"column":0},"end":{"line":8,"column":24}}},"fnMap":{"0":{"name":"UserDetails","decl":{"start":{"line":8,"column":24},"end":{"line":8,"column":35}},"loc":{"start":{"line":8,"column":35},"end":{"line":64,"column":1}}},"1":{"name":"(anonymous_1)","decl":{"start":{"line":10,"column":35},"end":{"line":10,"column":36}},"loc":{"start":{"line":10,"column":57},"end":{"line":10,"column":68}}},"2":{"name":"(anonymous_2)","decl":{"start":{"line":12,"column":35},"end":{"line":12,"column":36}},"loc":{"start":{"line":12,"column":51},"end":{"line":12,"column":65}}},"3":{"name":"(anonymous_3)","decl":{"start":{"line":14,"column":23},"end":{"line":14,"column":26}},"loc":{"start":{"line":14,"column":28},"end":{"line":18,"column":3}}},"4":{"name":"(anonymous_4)","decl":{"start":{"line":42,"column":27},"end":{"line":42,"column":28}},"loc":{"start":{"line":43,"column":14},"end":{"line":43,"column":null}}}},"branchMap":{"0":{"loc":{"start":{"line":15,"column":4},"end":{"line":17,"column":null}},"type":"if","locations":[{"start":{"line":15,"column":4},"end":{"line":17,"column":null}}]},"1":{"loc":{"start":{"line":39,"column":11},"end":{"line":58,"column":null}},"type":"cond-expr","locations":[{"start":{"line":40,"column":12},"end":{"line":40,"column":59}},{"start":{"line":42,"column":12},"end":{"line":58,"column":14}}]}},"s":{"0":1,"1":1,"2":1,"3":0,"4":0,"5":0,"6":0,"7":0,"8":0,"9":0,"10":0,"11":0,"12":0,"13":0,"14":1},"f":{"0":0,"1":0,"2":0,"3":0,"4":0},"b":{"0":[0],"1":[0,0]}}
,"/Users/lanza/Desktop/ISDI/Trabajo Final/frontend/src/hooks/use.cars.ts": {"path":"/Users/lanza/Desktop/ISDI/Trabajo Final/frontend/src/hooks/use.cars.ts","statementMap":{"0":{"start":{"line":1,"column":0},"end":{"line":1,"column":55}},"1":{"start":{"line":3,"column":0},"end":{"line":3,"column":45}},"2":{"start":{"line":6,"column":0},"end":{"line":6,"column":59}},"3":{"start":{"line":7,"column":0},"end":{"line":7,"column":null}},"4":{"start":{"line":13,"column":0},"end":{"line":13,"column":31}},"5":{"start":{"line":16,"column":32},"end":{"line":16,"column":45}},"6":{"start":{"line":17,"column":14},"end":{"line":17,"column":38}},"7":{"start":{"line":18,"column":20},"end":{"line":18,"column":66}},"8":{"start":{"line":18,"column":54},"end":{"line":18,"column":65}},"9":{"start":{"line":19,"column":30},"end":{"line":21,"column":null}},"10":{"start":{"line":20,"column":10},"end":{"line":20,"column":49}},"11":{"start":{"line":24,"column":25},"end":{"line":26,"column":22}},"12":{"start":{"line":25,"column":4},"end":{"line":25,"column":34}},"13":{"start":{"line":28,"column":23},"end":{"line":41,"column":3}},"14":{"start":{"line":29,"column":4},"end":{"line":40,"column":null}},"15":{"start":{"line":30,"column":6},"end":{"line":30,"column":49}},"16":{"start":{"line":31,"column":6},"end":{"line":34,"column":9}},"17":{"start":{"line":36,"column":6},"end":{"line":39,"column":9}},"18":{"start":{"line":43,"column":24},"end":{"line":56,"column":3}},"19":{"start":{"line":44,"column":4},"end":{"line":55,"column":null}},"20":{"start":{"line":45,"column":6},"end":{"line":45,"column":45}},"21":{"start":{"line":46,"column":6},"end":{"line":49,"column":9}},"22":{"start":{"line":51,"column":6},"end":{"line":54,"column":9}},"23":{"start":{"line":58,"column":26},"end":{"line":71,"column":3}},"24":{"start":{"line":59,"column":4},"end":{"line":70,"column":null}},"25":{"start":{"line":60,"column":6},"end":{"line":60,"column":51}},"26":{"start":{"line":61,"column":6},"end":{"line":64,"column":9}},"27":{"start":{"line":66,"column":6},"end":{"line":69,"column":9}},"28":{"start":{"line":73,"column":2},"end":{"line":78,"column":4}},"29":{"start":{"line":15,"column":0},"end":{"line":15,"column":16}}},"fnMap":{"0":{"name":"useCars","decl":{"start":{"line":15,"column":16},"end":{"line":15,"column":23}},"loc":{"start":{"line":15,"column":23},"end":{"line":79,"column":1}}},"1":{"name":"(anonymous_2)","decl":{"start":{"line":18,"column":32},"end":{"line":18,"column":33}},"loc":{"start":{"line":18,"column":54},"end":{"line":18,"column":65}}},"2":{"name":"(anonymous_3)","decl":{"start":{"line":20,"column":4},"end":{"line":20,"column":7}},"loc":{"start":{"line":20,"column":10},"end":{"line":20,"column":49}}},"3":{"name":"(anonymous_4)","decl":{"start":{"line":24,"column":37},"end":{"line":24,"column":42}},"loc":{"start":{"line":24,"column":48},"end":{"line":26,"column":3}}},"4":{"name":"(anonymous_5)","decl":{"start":{"line":28,"column":23},"end":{"line":28,"column":28}},"loc":{"start":{"line":28,"column":48},"end":{"line":41,"column":3}}},"5":{"name":"(anonymous_6)","decl":{"start":{"line":43,"column":24},"end":{"line":43,"column":29}},"loc":{"start":{"line":43,"column":53},"end":{"line":56,"column":3}}},"6":{"name":"(anonymous_7)","decl":{"start":{"line":58,"column":26},"end":{"line":58,"column":27}},"loc":{"start":{"line":58,"column":41},"end":{"line":71,"column":3}}}},"branchMap":{},"s":{"0":1,"1":1,"2":1,"3":1,"4":1,"5":0,"6":0,"7":0,"8":0,"9":0,"10":0,"11":0,"12":0,"13":0,"14":0,"15":0,"16":0,"17":0,"18":0,"19":0,"20":0,"21":0,"22":0,"23":0,"24":0,"25":0,"26":0,"27":0,"28":0,"29":1},"f":{"0":0,"1":0,"2":0,"3":0,"4":0,"5":0,"6":0},"b":{}}
,"/Users/lanza/Desktop/ISDI/Trabajo Final/frontend/src/hooks/use.user.ts": {"path":"/Users/lanza/Desktop/ISDI/Trabajo Final/frontend/src/hooks/use.user.ts","statementMap":{"0":{"start":{"line":1,"column":0},"end":{"line":1,"column":55}},"1":{"start":{"line":3,"column":0},"end":{"line":3,"column":45}},"2":{"start":{"line":5,"column":0},"end":{"line":5,"column":null}},"3":{"start":{"line":14,"column":0},"end":{"line":14,"column":61}},"4":{"start":{"line":17,"column":20},"end":{"line":17,"column":56}},"5":{"start":{"line":17,"column":50},"end":{"line":17,"column":55}},"6":{"start":{"line":18,"column":32},"end":{"line":18,"column":45}},"7":{"start":{"line":19,"column":14},"end":{"line":19,"column":38}},"8":{"start":{"line":20,"column":31},"end":{"line":20,"column":73}},"9":{"start":{"line":20,"column":45},"end":{"line":20,"column":68}},"10":{"start":{"line":22,"column":26},"end":{"line":24,"column":22}},"11":{"start":{"line":23,"column":4},"end":{"line":23,"column":35}},"12":{"start":{"line":26,"column":28},"end":{"line":28,"column":3}},"13":{"start":{"line":27,"column":4},"end":{"line":27,"column":55}},"14":{"start":{"line":30,"column":29},"end":{"line":32,"column":3}},"15":{"start":{"line":31,"column":4},"end":{"line":31,"column":48}},"16":{"start":{"line":34,"column":26},"end":{"line":36,"column":3}},"17":{"start":{"line":35,"column":4},"end":{"line":35,"column":45}},"18":{"start":{"line":38,"column":31},"end":{"line":43,"column":3}},"19":{"start":{"line":42,"column":4},"end":{"line":42,"column":53}},"20":{"start":{"line":45,"column":25},"end":{"line":47,"column":3}},"21":{"start":{"line":46,"column":4},"end":{"line":46,"column":33}},"22":{"start":{"line":49,"column":27},"end":{"line":52,"column":3}},"23":{"start":{"line":50,"column":4},"end":{"line":50,"column":26}},"24":{"start":{"line":51,"column":4},"end":{"line":51,"column":37}},"25":{"start":{"line":54,"column":2},"end":{"line":64,"column":4}},"26":{"start":{"line":16,"column":0},"end":{"line":16,"column":16}}},"fnMap":{"0":{"name":"useUsers","decl":{"start":{"line":16,"column":16},"end":{"line":16,"column":24}},"loc":{"start":{"line":16,"column":24},"end":{"line":65,"column":1}}},"1":{"name":"(anonymous_1)","decl":{"start":{"line":17,"column":32},"end":{"line":17,"column":33}},"loc":{"start":{"line":17,"column":50},"end":{"line":17,"column":55}}},"2":{"name":"(anonymous_2)","decl":{"start":{"line":20,"column":39},"end":{"line":20,"column":42}},"loc":{"start":{"line":20,"column":45},"end":{"line":20,"column":68}}},"3":{"name":"(anonymous_3)","decl":{"start":{"line":22,"column":38},"end":{"line":22,"column":43}},"loc":{"start":{"line":22,"column":49},"end":{"line":24,"column":3}}},"4":{"name":"(anonymous_4)","decl":{"start":{"line":26,"column":28},"end":{"line":26,"column":33}},"loc":{"start":{"line":26,"column":53},"end":{"line":28,"column":3}}},"5":{"name":"(anonymous_5)","decl":{"start":{"line":30,"column":29},"end":{"line":30,"column":34}},"loc":{"start":{"line":30,"column":59},"end":{"line":32,"column":3}}},"6":{"name":"(anonymous_6)","decl":{"start":{"line":34,"column":26},"end":{"line":34,"column":31}},"loc":{"start":{"line":34,"column":56},"end":{"line":36,"column":3}}},"7":{"name":"(anonymous_7)","decl":{"start":{"line":38,"column":31},"end":{"line":38,"column":36}},"loc":{"start":{"line":41,"column":6},"end":{"line":43,"column":3}}},"8":{"name":"(anonymous_8)","decl":{"start":{"line":45,"column":25},"end":{"line":45,"column":26}},"loc":{"start":{"line":45,"column":43},"end":{"line":47,"column":3}}},"9":{"name":"(anonymous_9)","decl":{"start":{"line":49,"column":27},"end":{"line":49,"column":30}},"loc":{"start":{"line":49,"column":32},"end":{"line":52,"column":3}}}},"branchMap":{},"s":{"0":2,"1":2,"2":2,"3":2,"4":7,"5":14,"6":7,"7":7,"8":7,"9":5,"10":7,"11":1,"12":7,"13":0,"14":7,"15":1,"16":7,"17":1,"18":7,"19":0,"20":7,"21":1,"22":7,"23":0,"24":0,"25":7,"26":2},"f":{"0":7,"1":14,"2":5,"3":1,"4":0,"5":1,"6":1,"7":0,"8":1,"9":0},"b":{}}
,"/Users/lanza/Desktop/ISDI/Trabajo Final/frontend/src/redux/car.slice.ts": {"path":"/Users/lanza/Desktop/ISDI/Trabajo Final/frontend/src/redux/car.slice.ts","statementMap":{"0":{"start":{"line":1,"column":0},"end":{"line":1,"column":65}},"1":{"start":{"line":18,"column":28},"end":{"line":22,"column":2}},"2":{"start":{"line":24,"column":13},"end":{"line":30,"column":2}},"3":{"start":{"line":27,"column":21},"end":{"line":27,"column":39}},"4":{"start":{"line":28,"column":4},"end":{"line":28,"column":20}},"5":{"start":{"line":32,"column":13},"end":{"line":37,"column":3}},"6":{"start":{"line":36,"column":2},"end":{"line":36,"column":35}},"7":{"start":{"line":39,"column":13},"end":{"line":49,"column":3}},"8":{"start":{"line":43,"column":2},"end":{"line":48,"column":null}},"9":{"start":{"line":44,"column":4},"end":{"line":44,"column":30}},"10":{"start":{"line":45,"column":4},"end":{"line":45,"column":14}},"11":{"start":{"line":47,"column":4},"end":{"line":47,"column":52}},"12":{"start":{"line":51,"column":13},"end":{"line":56,"column":3}},"13":{"start":{"line":55,"column":2},"end":{"line":55,"column":32}},"14":{"start":{"line":58,"column":18},"end":{"line":76,"column":2}},"15":{"start":{"line":63,"column":4},"end":{"line":66,"column":8}},"16":{"start":{"line":63,"column":70},"end":{"line":66,"column":6}},"17":{"start":{"line":67,"column":4},"end":{"line":70,"column":8}},"18":{"start":{"line":67,"column":73},"end":{"line":70,"column":6}},"19":{"start":{"line":71,"column":4},"end":{"line":74,"column":8}},"20":{"start":{"line":71,"column":69},"end":{"line":74,"column":6}},"21":{"start":{"line":78,"column":0},"end":{"line":78,"column":33}}},"fnMap":{"0":{"name":"(anonymous_0)","decl":{"start":{"line":26,"column":2},"end":{"line":26,"column":7}},"loc":{"start":{"line":26,"column":32},"end":{"line":29,"column":3}}},"1":{"name":"(anonymous_1)","decl":{"start":{"line":35,"column":19},"end":{"line":35,"column":24}},"loc":{"start":{"line":35,"column":44},"end":{"line":37,"column":1}}},"2":{"name":"(anonymous_2)","decl":{"start":{"line":42,"column":21},"end":{"line":42,"column":26}},"loc":{"start":{"line":42,"column":54},"end":{"line":49,"column":1}}},"3":{"name":"(anonymous_3)","decl":{"start":{"line":54,"column":15},"end":{"line":54,"column":20}},"loc":{"start":{"line":54,"column":40},"end":{"line":56,"column":1}}},"4":{"name":"(anonymous_4)","decl":{"start":{"line":62,"column":17},"end":{"line":62,"column":18}},"loc":{"start":{"line":62,"column":29},"end":{"line":75,"column":3}}},"5":{"name":"(anonymous_5)","decl":{"start":{"line":63,"column":45},"end":{"line":63,"column":46}},"loc":{"start":{"line":63,"column":70},"end":{"line":66,"column":6}}},"6":{"name":"(anonymous_6)","decl":{"start":{"line":67,"column":48},"end":{"line":67,"column":49}},"loc":{"start":{"line":67,"column":73},"end":{"line":70,"column":6}}},"7":{"name":"(anonymous_7)","decl":{"start":{"line":71,"column":44},"end":{"line":71,"column":45}},"loc":{"start":{"line":71,"column":69},"end":{"line":74,"column":6}}}},"branchMap":{},"s":{"0":3,"1":3,"2":3,"3":0,"4":0,"5":3,"6":0,"7":3,"8":0,"9":0,"10":0,"11":0,"12":3,"13":0,"14":3,"15":3,"16":0,"17":3,"18":0,"19":3,"20":0,"21":3},"f":{"0":0,"1":0,"2":0,"3":0,"4":3,"5":0,"6":0,"7":0},"b":{}}
,"/Users/lanza/Desktop/ISDI/Trabajo Final/frontend/src/redux/store.ts": {"path":"/Users/lanza/Desktop/ISDI/Trabajo Final/frontend/src/redux/store.ts","statementMap":{"0":{"start":{"line":1,"column":0},"end":{"line":1,"column":50}},"1":{"start":{"line":2,"column":0},"end":{"line":2,"column":37}},"2":{"start":{"line":3,"column":0},"end":{"line":3,"column":35}},"3":{"start":{"line":5,"column":13},"end":{"line":10,"column":3}}},"fnMap":{},"branchMap":{},"s":{"0":3,"1":3,"2":3,"3":3},"f":{},"b":{}}
,"/Users/lanza/Desktop/ISDI/Trabajo Final/frontend/src/redux/user.Slice.ts": {"path":"/Users/lanza/Desktop/ISDI/Trabajo Final/frontend/src/redux/user.Slice.ts","statementMap":{"0":{"start":{"line":1,"column":0},"end":{"line":1,"column":80}},"1":{"start":{"line":24,"column":28},"end":{"line":28,"column":2}},"2":{"start":{"line":30,"column":13},"end":{"line":36,"column":2}},"3":{"start":{"line":33,"column":21},"end":{"line":33,"column":39}},"4":{"start":{"line":34,"column":4},"end":{"line":34,"column":20}},"5":{"start":{"line":38,"column":13},"end":{"line":44,"column":3}},"6":{"start":{"line":42,"column":19},"end":{"line":42,"column":44}},"7":{"start":{"line":43,"column":2},"end":{"line":43,"column":18}},"8":{"start":{"line":46,"column":13},"end":{"line":51,"column":3}},"9":{"start":{"line":50,"column":2},"end":{"line":50,"column":35}},"10":{"start":{"line":53,"column":13},"end":{"line":64,"column":3}},"11":{"start":{"line":57,"column":17},"end":{"line":57,"column":39}},"12":{"start":{"line":58,"column":2},"end":{"line":58,"column":26}},"13":{"start":{"line":60,"column":21},"end":{"line":60,"column":33}},"14":{"start":{"line":61,"column":2},"end":{"line":61,"column":26}},"15":{"start":{"line":62,"column":2},"end":{"line":62,"column":54}},"16":{"start":{"line":63,"column":2},"end":{"line":63,"column":16}},"17":{"start":{"line":66,"column":19},"end":{"line":110,"column":2}},"18":{"start":{"line":71,"column":6},"end":{"line":71,"column":28}},"19":{"start":{"line":73,"column":24},"end":{"line":76,"column":6}},"20":{"start":{"line":77,"column":72},"end":{"line":81,"column":6}},"21":{"start":{"line":84,"column":4},"end":{"line":87,"column":8}},"22":{"start":{"line":84,"column":71},"end":{"line":87,"column":6}},"23":{"start":{"line":88,"column":4},"end":{"line":91,"column":8}},"24":{"start":{"line":88,"column":79},"end":{"line":91,"column":6}},"25":{"start":{"line":92,"column":4},"end":{"line":95,"column":8}},"26":{"start":{"line":92,"column":74},"end":{"line":95,"column":6}},"27":{"start":{"line":96,"column":4},"end":{"line":108,"column":8}},"28":{"start":{"line":96,"column":71},"end":{"line":108,"column":6}},"29":{"start":{"line":112,"column":13},"end":{"line":112,"column":37}},"30":{"start":{"line":113,"column":0},"end":{"line":113,"column":34}}},"fnMap":{"0":{"name":"(anonymous_0)","decl":{"start":{"line":32,"column":2},"end":{"line":32,"column":7}},"loc":{"start":{"line":32,"column":33},"end":{"line":35,"column":3}}},"1":{"name":"(anonymous_1)","decl":{"start":{"line":41,"column":22},"end":{"line":41,"column":27}},"loc":{"start":{"line":41,"column":49},"end":{"line":44,"column":1}}},"2":{"name":"(anonymous_2)","decl":{"start":{"line":49,"column":20},"end":{"line":49,"column":25}},"loc":{"start":{"line":49,"column":45},"end":{"line":51,"column":1}}},"3":{"name":"(anonymous_3)","decl":{"start":{"line":56,"column":17},"end":{"line":56,"column":22}},"loc":{"start":{"line":56,"column":42},"end":{"line":64,"column":1}}},"4":{"name":"(anonymous_4)","decl":{"start":{"line":70,"column":14},"end":{"line":70,"column":15}},"loc":{"start":{"line":70,"column":60},"end":{"line":72,"column":5}}},"5":{"name":"(anonymous_5)","decl":{"start":{"line":73,"column":12},"end":{"line":73,"column":13}},"loc":{"start":{"line":73,"column":24},"end":{"line":76,"column":6}}},"6":{"name":"(anonymous_6)","decl":{"start":{"line":77,"column":20},"end":{"line":77,"column":21}},"loc":{"start":{"line":77,"column":72},"end":{"line":81,"column":6}}},"7":{"name":"(anonymous_7)","decl":{"start":{"line":83,"column":17},"end":{"line":83,"column":18}},"loc":{"start":{"line":83,"column":29},"end":{"line":109,"column":3}}},"8":{"name":"(anonymous_8)","decl":{"start":{"line":84,"column":46},"end":{"line":84,"column":47}},"loc":{"start":{"line":84,"column":71},"end":{"line":87,"column":6}}},"9":{"name":"(anonymous_9)","decl":{"start":{"line":88,"column":54},"end":{"line":88,"column":55}},"loc":{"start":{"line":88,"column":79},"end":{"line":91,"column":6}}},"10":{"name":"(anonymous_10)","decl":{"start":{"line":92,"column":49},"end":{"line":92,"column":50}},"loc":{"start":{"line":92,"column":74},"end":{"line":95,"column":6}}},"11":{"name":"(anonymous_11)","decl":{"start":{"line":96,"column":46},"end":{"line":96,"column":47}},"loc":{"start":{"line":96,"column":71},"end":{"line":108,"column":6}}}},"branchMap":{},"s":{"0":3,"1":3,"2":3,"3":2,"4":1,"5":3,"6":1,"7":1,"8":3,"9":3,"10":3,"11":3,"12":2,"13":2,"14":0,"15":0,"16":0,"17":3,"18":3,"19":1,"20":1,"21":3,"22":1,"23":3,"24":1,"25":3,"26":2,"27":3,"28":0,"29":3,"30":3},"f":{"0":2,"1":1,"2":3,"3":3,"4":3,"5":1,"6":1,"7":3,"8":1,"9":1,"10":2,"11":0},"b":{}}
,"/Users/lanza/Desktop/ISDI/Trabajo Final/frontend/src/services/api.repository.ts": {"path":"/Users/lanza/Desktop/ISDI/Trabajo Final/frontend/src/services/api.repository.ts","statementMap":{"0":{"start":{"line":2,"column":21},"end":{"line":2,"column":32}},"1":{"start":{"line":5,"column":21},"end":{"line":5,"column":37}},"2":{"start":{"line":6,"column":4},"end":{"line":9,"column":null}},"3":{"start":{"line":7,"column":22},"end":{"line":7,"column":73}},"4":{"start":{"line":8,"column":6},"end":{"line":8,"column":31}},"5":{"start":{"line":10,"column":4},"end":{"line":10,"column":27}},"6":{"start":{"line":14,"column":21},"end":{"line":14,"column":59}},"7":{"start":{"line":15,"column":4},"end":{"line":15,"column":41}},"8":{"start":{"line":19,"column":21},"end":{"line":19,"column":63}},"9":{"start":{"line":20,"column":4},"end":{"line":23,"column":null}},"10":{"start":{"line":21,"column":22},"end":{"line":21,"column":73}},"11":{"start":{"line":22,"column":6},"end":{"line":22,"column":31}},"12":{"start":{"line":24,"column":4},"end":{"line":24,"column":27}},"13":{"start":{"line":1,"column":0},"end":{"line":1,"column":13}}},"fnMap":{"0":{"name":"(anonymous_0)","decl":{"start":{"line":2,"column":2},"end":{"line":2,"column":21}},"loc":{"start":{"line":2,"column":32},"end":{"line":2,"column":36}}},"1":{"name":"(anonymous_1)","decl":{"start":{"line":4,"column":2},"end":{"line":4,"column":7}},"loc":{"start":{"line":4,"column":26},"end":{"line":11,"column":3}}},"2":{"name":"(anonymous_2)","decl":{"start":{"line":13,"column":2},"end":{"line":13,"column":7}},"loc":{"start":{"line":13,"column":23},"end":{"line":16,"column":3}}},"3":{"name":"(anonymous_3)","decl":{"start":{"line":18,"column":2},"end":{"line":18,"column":7}},"loc":{"start":{"line":18,"column":34},"end":{"line":25,"column":3}}}},"branchMap":{"0":{"loc":{"start":{"line":6,"column":4},"end":{"line":9,"column":null}},"type":"if","locations":[{"start":{"line":6,"column":4},"end":{"line":9,"column":null}}]},"1":{"loc":{"start":{"line":20,"column":4},"end":{"line":23,"column":null}},"type":"if","locations":[{"start":{"line":20,"column":4},"end":{"line":23,"column":null}}]}},"s":{"0":22,"1":2,"2":2,"3":1,"4":1,"5":1,"6":1,"7":1,"8":2,"9":2,"10":1,"11":1,"12":1,"13":5},"f":{"0":22,"1":2,"2":1,"3":2},"b":{"0":[1],"1":[1]}}
,"/Users/lanza/Desktop/ISDI/Trabajo Final/frontend/src/services/car.repository.ts": {"path":"/Users/lanza/Desktop/ISDI/Trabajo Final/frontend/src/services/car.repository.ts","statementMap":{"0":{"start":{"line":2,"column":0},"end":{"line":2,"column":49}},"1":{"start":{"line":10,"column":4},"end":{"line":10,"column":15}},"2":{"start":{"line":9,"column":21},"end":{"line":9,"column":32}},"3":{"start":{"line":9,"column":41},"end":{"line":9,"column":54}},"4":{"start":{"line":14,"column":21},"end":{"line":14,"column":50}},"5":{"start":{"line":15,"column":4},"end":{"line":18,"column":null}},"6":{"start":{"line":16,"column":22},"end":{"line":16,"column":73}},"7":{"start":{"line":17,"column":6},"end":{"line":17,"column":31}},"8":{"start":{"line":20,"column":17},"end":{"line":20,"column":56}},"9":{"start":{"line":21,"column":4},"end":{"line":21,"column":30}},"10":{"start":{"line":25,"column":21},"end":{"line":31,"column":6}},"11":{"start":{"line":33,"column":4},"end":{"line":33,"column":43}},"12":{"start":{"line":37,"column":21},"end":{"line":44,"column":6}},"13":{"start":{"line":46,"column":4},"end":{"line":46,"column":43}},"14":{"start":{"line":50,"column":16},"end":{"line":50,"column":45}},"15":{"start":{"line":51,"column":21},"end":{"line":56,"column":6}},"16":{"start":{"line":57,"column":4},"end":{"line":58,"column":78}},"17":{"start":{"line":58,"column":6},"end":{"line":58,"column":78}},"18":{"start":{"line":8,"column":0},"end":{"line":8,"column":13}}},"fnMap":{"0":{"name":"(anonymous_0)","decl":{"start":{"line":9,"column":2},"end":{"line":9,"column":21}},"loc":{"start":{"line":9,"column":54},"end":{"line":11,"column":3}}},"1":{"name":"(anonymous_1)","decl":{"start":{"line":13,"column":2},"end":{"line":13,"column":7}},"loc":{"start":{"line":13,"column":13},"end":{"line":22,"column":3}}},"2":{"name":"(anonymous_2)","decl":{"start":{"line":24,"column":2},"end":{"line":24,"column":7}},"loc":{"start":{"line":24,"column":31},"end":{"line":34,"column":3}}},"3":{"name":"(anonymous_3)","decl":{"start":{"line":36,"column":2},"end":{"line":36,"column":7}},"loc":{"start":{"line":36,"column":32},"end":{"line":47,"column":3}}},"4":{"name":"(anonymous_4)","decl":{"start":{"line":49,"column":2},"end":{"line":49,"column":7}},"loc":{"start":{"line":49,"column":32},"end":{"line":59,"column":3}}}},"branchMap":{"0":{"loc":{"start":{"line":15,"column":4},"end":{"line":18,"column":null}},"type":"if","locations":[{"start":{"line":15,"column":4},"end":{"line":18,"column":null}}]},"1":{"loc":{"start":{"line":57,"column":4},"end":{"line":58,"column":78}},"type":"if","locations":[{"start":{"line":57,"column":4},"end":{"line":58,"column":78}}]}},"s":{"0":2,"1":6,"2":6,"3":6,"4":2,"5":2,"6":1,"7":1,"8":1,"9":1,"10":1,"11":1,"12":1,"13":1,"14":2,"15":2,"16":2,"17":1,"18":2},"f":{"0":6,"1":2,"2":1,"3":1,"4":2},"b":{"0":[1],"1":[1]}}
,"/Users/lanza/Desktop/ISDI/Trabajo Final/frontend/src/services/user.repository.ts": {"path":"/Users/lanza/Desktop/ISDI/Trabajo Final/frontend/src/services/user.repository.ts","statementMap":{"0":{"start":{"line":3,"column":0},"end":{"line":3,"column":49}},"1":{"start":{"line":11,"column":4},"end":{"line":11,"column":15}},"2":{"start":{"line":10,"column":21},"end":{"line":10,"column":32}},"3":{"start":{"line":15,"column":21},"end":{"line":15,"column":51}},"4":{"start":{"line":16,"column":4},"end":{"line":19,"column":null}},"5":{"start":{"line":17,"column":22},"end":{"line":17,"column":73}},"6":{"start":{"line":18,"column":6},"end":{"line":18,"column":31}},"7":{"start":{"line":21,"column":17},"end":{"line":21,"column":56}},"8":{"start":{"line":22,"column":4},"end":{"line":22,"column":30}},"9":{"start":{"line":26,"column":21},"end":{"line":26,"column":60}},"10":{"start":{"line":27,"column":4},"end":{"line":30,"column":null}},"11":{"start":{"line":28,"column":22},"end":{"line":28,"column":73}},"12":{"start":{"line":29,"column":6},"end":{"line":29,"column":31}},"13":{"start":{"line":32,"column":17},"end":{"line":32,"column":56}},"14":{"start":{"line":33,"column":4},"end":{"line":33,"column":30}},"15":{"start":{"line":37,"column":21},"end":{"line":41,"column":6}},"16":{"start":{"line":43,"column":4},"end":{"line":43,"column":44}},"17":{"start":{"line":47,"column":21},"end":{"line":51,"column":6}},"18":{"start":{"line":52,"column":19},"end":{"line":52,"column":34}},"19":{"start":{"line":53,"column":4},"end":{"line":53,"column":18}},"20":{"start":{"line":9,"column":0},"end":{"line":9,"column":13}}},"fnMap":{"0":{"name":"(anonymous_0)","decl":{"start":{"line":10,"column":2},"end":{"line":10,"column":21}},"loc":{"start":{"line":10,"column":32},"end":{"line":12,"column":3}}},"1":{"name":"(anonymous_1)","decl":{"start":{"line":14,"column":2},"end":{"line":14,"column":7}},"loc":{"start":{"line":14,"column":13},"end":{"line":23,"column":3}}},"2":{"name":"(anonymous_2)","decl":{"start":{"line":25,"column":2},"end":{"line":25,"column":7}},"loc":{"start":{"line":25,"column":29},"end":{"line":34,"column":3}}},"3":{"name":"(anonymous_3)","decl":{"start":{"line":36,"column":2},"end":{"line":36,"column":7}},"loc":{"start":{"line":36,"column":36},"end":{"line":44,"column":3}}},"4":{"name":"(anonymous_4)","decl":{"start":{"line":46,"column":2},"end":{"line":46,"column":7}},"loc":{"start":{"line":46,"column":33},"end":{"line":54,"column":3}}}},"branchMap":{"0":{"loc":{"start":{"line":16,"column":4},"end":{"line":19,"column":null}},"type":"if","locations":[{"start":{"line":16,"column":4},"end":{"line":19,"column":null}}]},"1":{"loc":{"start":{"line":27,"column":4},"end":{"line":30,"column":null}},"type":"if","locations":[{"start":{"line":27,"column":4},"end":{"line":30,"column":null}}]}},"s":{"0":3,"1":11,"2":11,"3":3,"4":2,"5":1,"6":1,"7":1,"8":1,"9":2,"10":2,"11":1,"12":1,"13":1,"14":1,"15":2,"16":1,"17":2,"18":1,"19":1,"20":3},"f":{"0":11,"1":3,"2":2,"3":2,"4":2},"b":{"0":[1],"1":[1]}}
}
