TN:
SF:src/components/app.routes/app.routes.tsx
FN:7,(anonymous_7)
FN:7,(anonymous_8)
FN:8,(anonymous_9)
FN:8,(anonymous_10)
FN:9,(anonymous_11)
FN:9,(anonymous_12)
FN:10,(anonymous_13)
FN:10,(anonymous_14)
FN:11,(anonymous_15)
FN:11,(anonymous_16)
FN:12,AppRoutes
FNF:11
FNH:0
FNDA:0,(anonymous_7)
FNDA:0,(anonymous_8)
FNDA:0,(anonymous_9)
FNDA:0,(anonymous_10)
FNDA:0,(anonymous_11)
FNDA:0,(anonymous_12)
FNDA:0,(anonymous_13)
FNDA:0,(anonymous_14)
FNDA:0,(anonymous_15)
FNDA:0,(anonymous_16)
FNDA:0,AppRoutes
DA:1,0
DA:2,0
DA:3,0
DA:4,0
DA:5,0
DA:7,0
DA:8,0
DA:9,0
DA:10,0
DA:11,0
DA:12,0
DA:13,0
LF:12
LH:0
BRF:0
BRH:0
end_of_record
TN:
SF:src/components/card/card.tsx
FN:7,Card
FN:10,(anonymous_1)
FNF:2
FNH:0
FNDA:0,Card
FNDA:0,(anonymous_1)
DA:1,1
DA:7,1
DA:8,0
DA:10,0
DA:11,0
DA:13,0
LF:6
LH:2
BRF:0
BRH:0
end_of_record
TN:
SF:src/components/carform/carform.tsx
FN:5,CarForm
FN:8,(anonymous_1)
FNF:2
FNH:2
FNDA:1,CarForm
FNDA:1,(anonymous_1)
DA:2,1
DA:3,1
DA:5,1
DA:6,1
DA:8,1
DA:10,1
DA:12,1
DA:14,1
DA:15,1
DA:17,1
DA:20,1
LF:11
LH:11
BRF:0
BRH:0
end_of_record
TN:
SF:src/components/carlist/carlist.tsx
FN:9,CarList
FN:11,(anonymous_1)
FN:12,(anonymous_2)
FN:15,(anonymous_3)
FN:17,(anonymous_4)
FN:22,(anonymous_5)
FN:29,(anonymous_6)
FN:35,(anonymous_7)
FNF:8
FNH:0
FNDA:0,CarList
FNDA:0,(anonymous_1)
FNDA:0,(anonymous_2)
FNDA:0,(anonymous_3)
FNDA:0,(anonymous_4)
FNDA:0,(anonymous_5)
FNDA:0,(anonymous_6)
FNDA:0,(anonymous_7)
DA:1,0
DA:2,0
DA:5,0
DA:6,0
DA:7,0
DA:9,0
DA:10,0
DA:11,0
DA:12,0
DA:13,0
DA:15,0
DA:16,0
DA:17,0
DA:18,0
DA:19,0
DA:22,0
DA:23,0
DA:24,0
DA:25,0
DA:29,0
DA:30,0
DA:33,0
DA:36,0
LF:23
LH:0
BRDA:24,0,0,0
BRF:1
BRH:0
end_of_record
TN:
SF:src/components/carlistCard/carlistcard.tsx
FN:13,CarlistCard
FN:16,(anonymous_1)
FNF:2
FNH:0
FNDA:0,CarlistCard
FNDA:0,(anonymous_1)
DA:1,0
DA:3,0
DA:4,0
DA:5,0
DA:6,0
DA:7,0
DA:8,0
DA:13,0
DA:14,0
DA:16,0
DA:17,0
DA:18,0
DA:21,0
LF:13
LH:0
BRF:0
BRH:0
end_of_record
TN:
SF:src/components/editcar/editcar.tsx
FN:9,EditCarForm
FN:12,(anonymous_1)
FN:15,(anonymous_2)
FN:19,(anonymous_3)
FNF:4
FNH:0
FNDA:0,EditCarForm
FNDA:0,(anonymous_1)
FNDA:0,(anonymous_2)
FNDA:0,(anonymous_3)
DA:2,0
DA:4,0
DA:5,0
DA:7,0
DA:9,0
DA:10,0
DA:11,0
DA:12,0
DA:13,0
DA:15,0
DA:16,0
DA:17,0
DA:19,0
DA:20,0
DA:23,0
DA:25,0
DA:41,0
DA:42,0
DA:45,0
LF:19
LH:0
BRF:0
BRH:0
end_of_record
TN:
SF:src/components/errorPage/errorPage.tsx
FN:3,ErrorPage
FNF:1
FNH:0
FNDA:0,ErrorPage
DA:1,0
DA:3,0
DA:4,0
LF:3
LH:0
BRF:0
BRH:0
end_of_record
TN:
SF:src/components/filter/filter.tsx
FN:5,Filter
FN:7,(anonymous_2)
FNF:2
FNH:1
FNDA:3,Filter
FNDA:0,(anonymous_2)
DA:2,1
DA:3,1
DA:5,1
DA:6,3
DA:7,3
DA:8,0
DA:9,0
DA:10,0
DA:11,0
DA:15,3
LF:10
LH:6
BRDA:9,0,0,0
BRF:1
BRH:0
end_of_record
TN:
SF:src/components/footer/footer.tsx
FN:2,Footer
FNF:1
FNH:0
FNDA:0,Footer
DA:1,0
DA:2,0
DA:3,0
LF:3
LH:0
BRF:0
BRH:0
end_of_record
TN:
SF:src/components/garage/garage.tsx
FN:5,Garage
FN:6,(anonymous_2)
FNF:2
FNH:0
FNDA:0,Garage
FNDA:0,(anonymous_2)
DA:1,0
DA:2,0
DA:3,0
DA:5,0
DA:6,0
DA:7,0
DA:8,0
DA:11,0
LF:8
LH:0
BRF:0
BRH:0
end_of_record
TN:
SF:src/components/header/header.tsx
FN:9,Header
FN:11,(anonymous_2)
FN:13,(anonymous_3)
FN:22,(anonymous_4)
FN:26,(anonymous_5)
FNF:5
FNH:0
FNDA:0,Header
FNDA:0,(anonymous_2)
FNDA:0,(anonymous_3)
FNDA:0,(anonymous_4)
FNDA:0,(anonymous_5)
DA:1,0
DA:2,0
DA:3,0
DA:5,0
DA:6,0
DA:9,0
DA:10,0
DA:11,0
DA:13,0
DA:14,0
DA:15,0
DA:16,0
DA:18,0
DA:22,0
DA:23,0
DA:26,0
DA:27,0
DA:29,0
DA:30,0
DA:33,0
LF:20
LH:0
BRDA:14,0,0,0
BRDA:14,0,1,0
BRDA:40,1,0,0
BRDA:40,1,1,0
BRF:4
BRH:0
end_of_record
TN:
SF:src/components/home/home.tsx
FN:10,Home
FN:12,(anonymous_1)
FN:14,(anonymous_2)
FN:18,(anonymous_3)
FN:22,(anonymous_4)
FN:35,(anonymous_5)
FNF:6
FNH:5
FNDA:2,Home
FNDA:4,(anonymous_1)
FNDA:2,(anonymous_2)
FNDA:2,(anonymous_3)
FNDA:2,(anonymous_4)
FNDA:0,(anonymous_5)
DA:1,1
DA:2,1
DA:3,1
DA:4,1
DA:7,1
DA:8,1
DA:10,1
DA:11,2
DA:12,4
DA:14,2
DA:15,2
DA:18,2
DA:19,2
DA:22,2
DA:23,2
DA:24,2
DA:26,0
DA:30,2
DA:35,0
LF:19
LH:17
BRDA:23,0,0,2
BRDA:23,0,1,0
BRDA:34,1,0,0
BRDA:34,1,1,2
BRF:4
BRH:2
end_of_record
TN:
SF:src/components/login/login.tsx
FN:7,Login
FN:11,(anonymous_2)
FNF:2
FNH:0
FNDA:0,Login
FNDA:0,(anonymous_2)
DA:2,0
DA:3,0
DA:4,0
DA:5,0
DA:7,0
DA:8,0
DA:9,0
DA:11,0
DA:12,0
DA:14,0
DA:16,0
DA:20,0
DA:21,0
DA:23,0
DA:27,0
DA:30,0
LF:16
LH:0
BRF:0
BRH:0
end_of_record
TN:
SF:src/components/menu/menu.tsx
FN:12,Menu
FN:15,(anonymous_1)
FN:21,(anonymous_2)
FNF:3
FNH:0
FNDA:0,Menu
FNDA:0,(anonymous_1)
FNDA:0,(anonymous_2)
DA:1,0
DA:3,0
DA:6,0
DA:12,0
DA:13,0
DA:15,0
DA:17,0
DA:22,0
LF:8
LH:0
BRDA:22,0,0,0
BRDA:22,0,1,0
BRDA:22,0,2,0
BRDA:26,1,0,0
BRDA:26,1,1,0
BRF:5
BRH:0
end_of_record
TN:
SF:src/components/profile/profile.tsx
FN:8,Profile
FN:9,(anonymous_1)
FNF:2
FNH:0
FNDA:0,Profile
FNDA:0,(anonymous_1)
DA:1,0
DA:3,0
DA:4,0
DA:5,0
DA:6,0
DA:8,0
DA:9,0
DA:11,0
LF:8
LH:0
BRF:0
BRH:0
end_of_record
TN:
SF:src/components/register/register.tsx
FN:7,Register
FN:10,(anonymous_2)
FNF:2
FNH:0
FNDA:0,Register
FNDA:0,(anonymous_2)
DA:2,0
DA:3,0
DA:4,0
DA:5,0
DA:7,0
DA:8,0
DA:10,0
DA:11,0
DA:13,0
DA:15,0
DA:17,0
DA:18,0
DA:23,0
DA:24,0
DA:26,0
DA:27,0
DA:32,0
DA:38,0
DA:40,0
DA:41,0
DA:42,0
DA:45,0
LF:22
LH:0
BRDA:26,0,0,0
BRDA:26,0,1,0
BRF:2
BRH:0
end_of_record
TN:
SF:src/components/userDetails/userdetails.tsx
FN:8,UserDetails
FN:10,(anonymous_1)
FN:12,(anonymous_2)
FN:14,(anonymous_3)
FN:42,(anonymous_4)
FNF:5
FNH:0
FNDA:0,UserDetails
FNDA:0,(anonymous_1)
FNDA:0,(anonymous_2)
FNDA:0,(anonymous_3)
FNDA:0,(anonymous_4)
DA:1,0
DA:2,0
DA:4,0
DA:8,0
DA:9,0
DA:10,0
DA:12,0
DA:14,0
DA:15,0
DA:16,0
DA:20,0
DA:22,0
DA:43,0
LF:13
LH:0
BRDA:15,0,0,0
BRDA:39,1,0,0
BRDA:39,1,1,0
BRF:3
BRH:0
end_of_record
TN:
SF:src/hooks/use.cars.ts
FN:16,useCars
FN:18,(anonymous_2)
FN:20,(anonymous_3)
FN:24,(anonymous_4)
FN:28,(anonymous_5)
FN:44,(anonymous_6)
FN:63,(anonymous_7)
FNF:7
FNH:0
FNDA:0,useCars
FNDA:0,(anonymous_2)
FNDA:0,(anonymous_3)
FNDA:0,(anonymous_4)
FNDA:0,(anonymous_5)
FNDA:0,(anonymous_6)
FNDA:0,(anonymous_7)
DA:1,0
DA:3,0
DA:6,0
DA:7,0
DA:13,0
DA:14,0
DA:16,0
DA:17,0
DA:18,0
DA:19,0
DA:20,0
DA:24,0
DA:25,0
DA:28,0
DA:29,0
DA:30,0
DA:31,0
DA:32,0
DA:37,0
DA:44,0
DA:45,0
DA:46,0
DA:47,0
DA:56,0
DA:63,0
DA:64,0
DA:65,0
DA:66,0
DA:71,0
DA:78,0
LF:30
LH:0
BRF:0
BRH:0
end_of_record
TN:
SF:src/hooks/use.user.ts
FN:17,useUsers
FN:18,(anonymous_1)
FN:20,(anonymous_2)
FN:22,(anonymous_3)
FN:26,(anonymous_4)
FN:30,(anonymous_5)
FN:34,(anonymous_6)
FN:38,(anonymous_7)
FN:45,(anonymous_8)
FN:49,(anonymous_9)
FNF:10
FNH:0
FNDA:0,useUsers
FNDA:0,(anonymous_1)
FNDA:0,(anonymous_2)
FNDA:0,(anonymous_3)
FNDA:0,(anonymous_4)
FNDA:0,(anonymous_5)
FNDA:0,(anonymous_6)
FNDA:0,(anonymous_7)
FNDA:0,(anonymous_8)
FNDA:0,(anonymous_9)
DA:1,0
DA:3,0
DA:5,0
DA:14,0
DA:15,0
DA:17,0
DA:18,0
DA:19,0
DA:20,0
DA:22,0
DA:23,0
DA:26,0
DA:27,0
DA:30,0
DA:31,0
DA:34,0
DA:35,0
DA:38,0
DA:42,0
DA:45,0
DA:46,0
DA:49,0
DA:50,0
DA:51,0
DA:54,0
LF:25
LH:0
BRF:0
BRH:0
end_of_record
TN:
SF:src/redux/car.slice.ts
FN:26,(anonymous_0)
FN:35,(anonymous_1)
FN:42,(anonymous_2)
FN:54,(anonymous_3)
FN:62,(anonymous_4)
FN:63,(anonymous_5)
FN:67,(anonymous_6)
FN:71,(anonymous_7)
FNF:8
FNH:8
FNDA:1,(anonymous_0)
FNDA:1,(anonymous_1)
FNDA:1,(anonymous_2)
FNDA:1,(anonymous_3)
FNDA:4,(anonymous_4)
FNDA:1,(anonymous_5)
FNDA:1,(anonymous_6)
FNDA:1,(anonymous_7)
DA:1,4
DA:18,4
DA:24,4
DA:27,1
DA:28,1
DA:32,4
DA:36,1
DA:39,4
DA:43,1
DA:44,1
DA:45,1
DA:47,0
DA:51,4
DA:55,1
DA:58,4
DA:63,4
DA:67,4
DA:71,4
DA:78,4
LF:19
LH:18
BRF:0
BRH:0
end_of_record
TN:
SF:src/redux/store.ts
FNF:0
FNH:0
DA:1,4
DA:2,4
DA:3,4
DA:5,4
LF:4
LH:4
BRF:0
BRH:0
end_of_record
TN:
SF:src/redux/user.Slice.ts
FN:32,(anonymous_0)
FN:41,(anonymous_1)
FN:49,(anonymous_2)
FN:56,(anonymous_3)
FN:69,(anonymous_4)
FN:72,(anonymous_5)
FN:76,(anonymous_6)
FN:82,(anonymous_7)
FN:83,(anonymous_8)
FN:87,(anonymous_9)
FN:91,(anonymous_10)
FN:95,(anonymous_11)
FNF:12
FNH:11
FNDA:1,(anonymous_0)
FNDA:1,(anonymous_1)
FNDA:1,(anonymous_2)
FNDA:1,(anonymous_3)
FNDA:1,(anonymous_4)
FNDA:1,(anonymous_5)
FNDA:1,(anonymous_6)
FNDA:4,(anonymous_7)
FNDA:1,(anonymous_8)
FNDA:1,(anonymous_9)
FNDA:1,(anonymous_10)
FNDA:0,(anonymous_11)
DA:1,4
DA:24,4
DA:30,4
DA:33,1
DA:34,1
DA:38,4
DA:42,1
DA:43,1
DA:46,4
DA:50,1
DA:53,4
DA:57,1
DA:59,1
DA:60,0
DA:61,0
DA:62,0
DA:65,4
DA:70,1
DA:72,1
DA:76,1
DA:83,4
DA:87,4
DA:91,4
DA:95,4
DA:111,4
DA:112,4
LF:26
LH:23
BRF:0
BRH:0
end_of_record
TN:
SF:src/services/api.repository.ts
FN:2,(anonymous_0)
FN:4,(anonymous_1)
FN:13,(anonymous_2)
FN:18,(anonymous_3)
FNF:4
FNH:4
FNDA:17,(anonymous_0)
FNDA:2,(anonymous_1)
FNDA:1,(anonymous_2)
FNDA:2,(anonymous_3)
DA:1,3
DA:2,17
DA:5,2
DA:6,2
DA:7,1
DA:8,1
DA:10,1
DA:14,1
DA:15,1
DA:19,2
DA:20,2
DA:21,1
DA:22,1
DA:24,1
LF:14
LH:14
BRDA:6,0,0,1
BRDA:20,1,0,1
BRF:2
BRH:2
end_of_record
TN:
SF:src/services/car.repository.ts
FN:9,(anonymous_0)
FN:13,(anonymous_1)
FN:24,(anonymous_2)
FN:36,(anonymous_3)
FN:49,(anonymous_4)
FNF:5
FNH:5
FNDA:6,(anonymous_0)
FNDA:2,(anonymous_1)
FNDA:1,(anonymous_2)
FNDA:1,(anonymous_3)
FNDA:2,(anonymous_4)
DA:2,1
DA:8,1
DA:9,6
DA:10,6
DA:14,2
DA:15,2
DA:16,1
DA:17,1
DA:20,1
DA:21,1
DA:25,1
DA:33,1
DA:37,1
DA:46,1
DA:50,2
DA:51,2
DA:57,2
DA:58,1
LF:18
LH:18
BRDA:15,0,0,1
BRDA:57,1,0,1
BRF:2
BRH:2
end_of_record
TN:
SF:src/services/user.repository.ts
FN:10,(anonymous_0)
FN:14,(anonymous_1)
FN:25,(anonymous_2)
FN:36,(anonymous_3)
FN:46,(anonymous_4)
FNF:5
FNH:5
FNDA:6,(anonymous_0)
FNDA:2,(anonymous_1)
FNDA:2,(anonymous_2)
FNDA:1,(anonymous_3)
FNDA:1,(anonymous_4)
DA:3,1
DA:9,1
DA:10,6
DA:11,6
DA:15,2
DA:16,2
DA:17,1
DA:18,1
DA:21,1
DA:22,1
DA:26,2
DA:27,2
DA:28,1
DA:29,1
DA:32,1
DA:33,1
DA:37,1
DA:43,1
DA:47,1
DA:52,1
DA:53,1
LF:21
LH:21
BRDA:16,0,0,1
BRDA:27,1,0,1
BRF:2
BRH:2
end_of_record
